 ===========================
  Output from program Dusty 
  Version: 2.0
 ===========================
  
  INPUT parameters from file:
  aringerCkmh_3400_800.inp                                              
  
* ----------------------------------------------------------------------
* NOTES:
* This is a simple version of an input file producing a minimal output.
* ----------------------------------------------------------------------
  Stellar spectrum supplied from file:
  aringerC_3400_resampled.dat                                           
  --------------------------------------------
  Abundances for supported grains:
  Sil-Ow Sil-Oc Sil-DL grf-DL amC-Hn SiC-Pg
  0.000  1.000  0.000  0.000  0.000  0.000
  KMH size distribution:
       Power q:  3.5
  Minimal size: 1.00E-02 microns
  Characteristic size: 1.00E+00 microns
  --------------------------------------------
  Dust temperature on the inner boundary: 800  K
  --------------------------------------------
  Density for radiatively driven winds from
  full dynamic calculation.
  Relative thickness: 1.000E+04
  --------------------------------------------
  Optical depths at 1.0E+01 microns
  ranging from 1.00E-01 to 5.00E+01
  100 models with logarithmic grid           
  Required accuracy: 5%
  --------------------------------------------
  
  ====================================================  
  For compliance with the point-source assumption, the
  following results should only be applied to sources 
  whose effective temperature exceeds 2081 K.
  ====================================================
          
  RESULTS:
  --------
 ###   tau0   F1(W/m2)  r1(cm)    r1/rc   theta1  Td(Y) err   Mdot      Ve       M> 
 ###     1        2        3        4        5      6    7      8        9       10 
 ======================================================================================
   1 1.00E-01 5.96E+04 2.26E+14 9.75E+01 1.69E+00   23   0  1.34E-06 1.38E+01 1.13E+00
   2 1.06E-01 5.92E+04 2.27E+14 9.79E+01 1.70E+00   23   0  1.41E-06 1.39E+01 1.15E+00
   3 1.13E-01 5.88E+04 2.28E+14 9.82E+01 1.70E+00   23   0  1.48E-06 1.40E+01 1.18E+00
   4 1.21E-01 5.84E+04 2.29E+14 9.86E+01 1.71E+00   23   0  1.56E-06 1.41E+01 1.21E+00
   5 1.29E-01 5.79E+04 2.30E+14 9.90E+01 1.71E+00   23   0  1.64E-06 1.42E+01 1.24E+00
   6 1.37E-01 5.75E+04 2.31E+14 9.94E+01 1.72E+00   23   0  1.72E-06 1.43E+01 1.26E+00
   7 1.46E-01 5.70E+04 2.32E+14 9.98E+01 1.73E+00   23   0  1.81E-06 1.44E+01 1.29E+00
   8 1.55E-01 5.64E+04 2.33E+14 1.00E+02 1.74E+00   23   0  1.91E-06 1.45E+01 1.32E+00
   9 1.65E-01 5.59E+04 2.34E+14 1.01E+02 1.74E+00   23   0  2.01E-06 1.46E+01 1.35E+00
  10 1.76E-01 5.54E+04 2.35E+14 1.01E+02 1.75E+00   23   0  2.11E-06 1.46E+01 1.37E+00
  11 1.87E-01 5.48E+04 2.36E+14 1.02E+02 1.76E+00   23   0  2.22E-06 1.47E+01 1.40E+00
  12 1.99E-01 5.42E+04 2.38E+14 1.02E+02 1.77E+00   23   0  2.34E-06 1.48E+01 1.43E+00
  13 2.12E-01 5.36E+04 2.39E+14 1.03E+02 1.78E+00   23   0  2.46E-06 1.48E+01 1.45E+00
  14 2.26E-01 5.29E+04 2.40E+14 1.04E+02 1.79E+00   23   0  2.59E-06 1.49E+01 1.48E+00
  15 2.41E-01 5.23E+04 2.42E+14 1.04E+02 1.80E+00   23   0  2.73E-06 1.49E+01 1.51E+00
  16 2.56E-01 5.16E+04 2.43E+14 1.05E+02 1.82E+00   22   0  2.87E-06 1.49E+01 1.53E+00
  17 2.73E-01 5.09E+04 2.45E+14 1.06E+02 1.83E+00   22   0  3.02E-06 1.49E+01 1.56E+00
  18 2.91E-01 5.02E+04 2.47E+14 1.06E+02 1.84E+00   22   0  3.18E-06 1.49E+01 1.58E+00
  19 3.10E-01 4.95E+04 2.49E+14 1.07E+02 1.85E+00   22   0  3.35E-06 1.49E+01 1.61E+00
  20 3.30E-01 4.88E+04 2.50E+14 1.08E+02 1.87E+00   22   0  3.53E-06 1.49E+01 1.63E+00
  21 3.51E-01 4.80E+04 2.52E+14 1.09E+02 1.88E+00   22   0  3.71E-06 1.49E+01 1.65E+00
  22 3.74E-01 4.70E+04 2.55E+14 1.10E+02 1.90E+00   22   0  3.96E-06 1.49E+01 1.68E+00
  23 3.98E-01 4.63E+04 2.57E+14 1.11E+02 1.92E+00   22   0  4.16E-06 1.49E+01 1.70E+00
  24 4.24E-01 4.55E+04 2.59E+14 1.12E+02 1.93E+00   22   0  4.38E-06 1.48E+01 1.72E+00
  25 4.51E-01 4.47E+04 2.61E+14 1.13E+02 1.95E+00   22   0  4.61E-06 1.48E+01 1.73E+00
  26 4.80E-01 4.40E+04 2.64E+14 1.14E+02 1.97E+00   22   0  4.84E-06 1.47E+01 1.75E+00
  27 5.11E-01 4.32E+04 2.66E+14 1.15E+02 1.99E+00   21   0  5.09E-06 1.46E+01 1.77E+00
  28 5.45E-01 4.24E+04 2.69E+14 1.16E+02 2.00E+00   21   0  5.36E-06 1.45E+01 1.78E+00
  29 5.80E-01 4.16E+04 2.71E+14 1.17E+02 2.02E+00   21   0  5.63E-06 1.44E+01 1.79E+00
  30 6.17E-01 4.08E+04 2.74E+14 1.18E+02 2.04E+00   21   0  5.92E-06 1.43E+01 1.80E+00
  31 6.57E-01 4.01E+04 2.76E+14 1.19E+02 2.06E+00   21   0  6.22E-06 1.41E+01 1.81E+00
  32 7.00E-01 3.93E+04 2.79E+14 1.20E+02 2.08E+00   21   0  6.53E-06 1.40E+01 1.82E+00
  33 7.45E-01 3.85E+04 2.82E+14 1.21E+02 2.10E+00   21   0  6.86E-06 1.38E+01 1.83E+00
  34 7.94E-01 3.77E+04 2.85E+14 1.23E+02 2.12E+00   21   0  7.21E-06 1.37E+01 1.83E+00
  35 8.45E-01 3.70E+04 2.88E+14 1.24E+02 2.15E+00   21   0  7.57E-06 1.35E+01 1.84E+00
  36 9.00E-01 3.62E+04 2.91E+14 1.25E+02 2.17E+00   21   0  7.95E-06 1.33E+01 1.84E+00
  37 9.58E-01 3.55E+04 2.94E+14 1.26E+02 2.19E+00   20   0  8.34E-06 1.32E+01 1.84E+00
  38 1.02E+00 3.47E+04 2.97E+14 1.28E+02 2.21E+00   20   0  8.76E-06 1.30E+01 1.84E+00
  39 1.09E+00 3.40E+04 3.00E+14 1.29E+02 2.24E+00   20   0  9.19E-06 1.28E+01 1.84E+00
  40 1.16E+00 3.32E+04 3.03E+14 1.31E+02 2.26E+00   20   0  9.65E-06 1.26E+01 1.84E+00
  41 1.23E+00 3.25E+04 3.07E+14 1.32E+02 2.29E+00   20   0  1.01E-05 1.24E+01 1.84E+00
  42 1.31E+00 3.18E+04 3.10E+14 1.34E+02 2.31E+00   20   0  1.06E-05 1.22E+01 1.84E+00
  43 1.40E+00 3.11E+04 3.14E+14 1.35E+02 2.34E+00   20   0  1.11E-05 1.20E+01 1.83E+00
  44 1.49E+00 3.04E+04 3.17E+14 1.37E+02 2.37E+00   20   0  1.17E-05 1.18E+01 1.83E+00
  45 1.58E+00 2.97E+04 3.21E+14 1.38E+02 2.40E+00   20   0  1.23E-05 1.16E+01 1.82E+00
  46 1.69E+00 2.90E+04 3.25E+14 1.40E+02 2.42E+00   19   0  1.29E-05 1.15E+01 1.82E+00
  47 1.80E+00 2.83E+04 3.29E+14 1.42E+02 2.45E+00   19   0  1.36E-05 1.14E+01 1.82E+00
  48 1.91E+00 2.76E+04 3.33E+14 1.43E+02 2.49E+00   19   0  1.44E-05 1.13E+01 1.82E+00
  49 2.04E+00 2.69E+04 3.37E+14 1.45E+02 2.52E+00   19   0  1.52E-05 1.12E+01 1.82E+00
  50 2.17E+00 2.62E+04 3.42E+14 1.47E+02 2.55E+00   19   0  1.60E-05 1.11E+01 1.82E+00
  51 2.31E+00 2.55E+04 3.46E+14 1.49E+02 2.58E+00   19   0  1.69E-05 1.10E+01 1.82E+00
  52 2.46E+00 2.48E+04 3.51E+14 1.51E+02 2.62E+00   19   0  1.79E-05 1.09E+01 1.82E+00
  53 2.62E+00 2.42E+04 3.56E+14 1.53E+02 2.65E+00   19   0  1.89E-05 1.08E+01 1.82E+00
  54 2.79E+00 2.35E+04 3.61E+14 1.55E+02 2.69E+00   19   0  2.00E-05 1.07E+01 1.82E+00
  55 2.97E+00 2.28E+04 3.66E+14 1.58E+02 2.73E+00   18   0  2.11E-05 1.06E+01 1.82E+00
  56 3.16E+00 2.22E+04 3.71E+14 1.60E+02 2.77E+00   18   0  2.23E-05 1.05E+01 1.82E+00
  57 3.36E+00 2.15E+04 3.77E+14 1.62E+02 2.81E+00   18   0  2.36E-05 1.04E+01 1.82E+00
  58 3.58E+00 2.09E+04 3.83E+14 1.65E+02 2.85E+00   18   0  2.50E-05 1.03E+01 1.82E+00
  59 3.81E+00 2.03E+04 3.89E+14 1.67E+02 2.90E+00   18   0  2.65E-05 1.02E+01 1.82E+00
  60 4.06E+00 1.96E+04 3.95E+14 1.70E+02 2.95E+00   18   0  2.81E-05 1.01E+01 1.82E+00
  61 4.32E+00 1.92E+04 3.99E+14 1.72E+02 2.98E+00   18   0  2.93E-05 1.00E+01 1.82E+00
  62 4.60E+00 1.86E+04 4.06E+14 1.75E+02 3.03E+00   18   0  3.11E-05 9.95E+00 1.82E+00
  63 4.90E+00 1.79E+04 4.13E+14 1.78E+02 3.08E+00   18   0  3.30E-05 9.85E+00 1.81E+00
  64 5.22E+00 1.73E+04 4.20E+14 1.81E+02 3.13E+00   17   0  3.51E-05 9.75E+00 1.81E+00
  65 5.56E+00 1.66E+04 4.29E+14 1.85E+02 3.20E+00   17   0  3.76E-05 9.67E+00 1.81E+00
  66 5.92E+00 1.60E+04 4.37E+14 1.88E+02 3.26E+00   17   0  4.00E-05 9.57E+00 1.81E+00
  67 6.30E+00 1.54E+04 4.45E+14 1.92E+02 3.32E+00   17   0  4.25E-05 9.48E+00 1.81E+00
  68 6.71E+00 1.48E+04 4.54E+14 1.96E+02 3.39E+00   17   0  4.52E-05 9.38E+00 1.81E+00
  69 7.14E+00 1.43E+04 4.63E+14 1.99E+02 3.45E+00   17   0  4.81E-05 9.28E+00 1.81E+00
  70 7.61E+00 1.37E+04 4.72E+14 2.03E+02 3.52E+00   17   0  5.12E-05 9.18E+00 1.81E+00
  71 8.10E+00 1.32E+04 4.82E+14 2.08E+02 3.60E+00   16   0  5.45E-05 9.07E+00 1.81E+00
  72 8.62E+00 1.26E+04 4.92E+14 2.12E+02 3.67E+00   16   0  5.81E-05 8.97E+00 1.81E+00
  73 9.18E+00 1.23E+04 4.99E+14 2.15E+02 3.73E+00   16   0  6.09E-05 8.89E+00 1.81E+00
  74 9.78E+00 1.17E+04 5.10E+14 2.20E+02 3.81E+00   16   1  6.50E-05 8.79E+00 1.81E+00
  75 1.04E+01 1.12E+04 5.22E+14 2.25E+02 3.89E+00   16   1  6.94E-05 8.68E+00 1.81E+00
  76 1.11E+01 1.07E+04 5.34E+14 2.30E+02 3.98E+00   16   1  7.41E-05 8.58E+00 1.81E+00
  77 1.18E+01 1.03E+04 5.46E+14 2.35E+02 4.07E+00   16   1  7.92E-05 8.47E+00 1.82E+00
  78 1.26E+01 9.69E+03 5.62E+14 2.42E+02 4.19E+00   15   0  8.56E-05 8.38E+00 1.82E+00
  79 1.34E+01 9.24E+03 5.75E+14 2.48E+02 4.29E+00   15   1  9.16E-05 8.27E+00 1.82E+00
  80 1.42E+01 8.74E+03 5.92E+14 2.55E+02 4.41E+00   15   0  9.85E-05 8.26E+00 1.81E+00
  81 1.52E+01 8.31E+03 6.06E+14 2.61E+02 4.52E+00   15   0  1.05E-04 8.16E+00 1.82E+00
  82 1.62E+01 7.91E+03 6.22E+14 2.68E+02 4.64E+00   15   1  1.13E-04 8.04E+00 1.82E+00
  83 1.72E+01 7.52E+03 6.38E+14 2.75E+02 4.76E+00   15   1  1.21E-04 7.93E+00 1.82E+00
  84 1.83E+01 7.14E+03 6.55E+14 2.82E+02 4.88E+00   14   1  1.30E-04 7.82E+00 1.82E+00
  85 1.95E+01 6.77E+03 6.72E+14 2.89E+02 5.01E+00   14   1  1.39E-04 7.71E+00 1.83E+00
  86 2.08E+01 6.42E+03 6.90E+14 2.97E+02 5.15E+00   14   1  1.49E-04 7.60E+00 1.83E+00
  87 2.21E+01 6.08E+03 7.09E+14 3.05E+02 5.29E+00   14   1  1.60E-04 7.48E+00 1.83E+00
  88 2.35E+01 5.76E+03 7.29E+14 3.14E+02 5.44E+00   14   1  1.72E-04 7.37E+00 1.84E+00
  89 2.51E+01 5.54E+03 7.43E+14 3.20E+02 5.54E+00   13   2  1.81E-04 7.25E+00 1.83E+00
  90 2.67E+01 5.24E+03 7.64E+14 3.29E+02 5.70E+00   13   2  1.95E-04 7.13E+00 1.84E+00
  91 2.84E+01 4.95E+03 7.86E+14 3.39E+02 5.86E+00   13   2  2.09E-04 7.02E+00 1.84E+00
  92 3.03E+01 4.68E+03 8.09E+14 3.48E+02 6.03E+00   13   2  2.25E-04 6.90E+00 1.84E+00
  93 3.22E+01 4.41E+03 8.32E+14 3.59E+02 6.21E+00   13   2  2.42E-04 6.78E+00 1.85E+00
  94 3.43E+01 4.16E+03 8.57E+14 3.69E+02 6.39E+00   13   2  2.60E-04 6.67E+00 1.85E+00
  95 3.65E+01 3.93E+03 8.82E+14 3.80E+02 6.58E+00   12   3  2.80E-04 6.55E+00 1.85E+00
  96 3.89E+01 3.70E+03 9.09E+14 3.91E+02 6.78E+00   12   3  3.02E-04 6.44E+00 1.85E+00
  97 4.14E+01 3.49E+03 9.36E+14 4.03E+02 6.99E+00   12   3  3.25E-04 6.33E+00 1.86E+00
  98 4.41E+01 3.29E+03 9.65E+14 4.16E+02 7.20E+00   12   3  3.50E-04 6.22E+00 1.86E+00
  99 4.70E+01 3.09E+03 9.94E+14 4.28E+02 7.42E+00   12   3  3.78E-04 6.11E+00 1.86E+00
 100 5.00E+01 2.91E+03 1.03E+15 4.42E+02 7.65E+00   11   3  4.07E-04 6.00E+00 1.86E+00
 ======================================================================================
   (1) Optical depth at 1.0E+01 microns
   (2) Bolometric flux at the inner radius 
   (3) Inner radius for L=1E4 Lsun
   (4) Ratio of the inner to the stellar radius
   (5) Angular size (in arcsec) when Fbol=1E-6 W/m2
   (6) Dust temperature at the outer edge (in K)
   (7) Maximum error in flux conservation (%)
   (8) Mass-loss rate (in Msun/yr)
   (9) Terminal outflow velocity (in km/s)
   (10) Upper limit of the stellar mass (in Msun)
 =================================================
  Everything is OK for all models
  Spectra are in files *.s##
 ========== THE END ==============================
