 ===========================
  Output from program Dusty 
  Version: 2.0
 ===========================
  
  INPUT parameters from file:
  aringerCkmh_3200_800.inp                                              
  
* ----------------------------------------------------------------------
* NOTES:
* This is a simple version of an input file producing a minimal output.
* ----------------------------------------------------------------------
  Stellar spectrum supplied from file:
  aringerC_3200_resampled.dat                                           
  --------------------------------------------
  Abundances for supported grains:
  Sil-Ow Sil-Oc Sil-DL grf-DL amC-Hn SiC-Pg
  0.000  1.000  0.000  0.000  0.000  0.000
  KMH size distribution:
       Power q:  3.5
  Minimal size: 1.00E-02 microns
  Characteristic size: 1.00E+00 microns
  --------------------------------------------
  Dust temperature on the inner boundary: 800  K
  --------------------------------------------
  Density for radiatively driven winds from
  full dynamic calculation.
  Relative thickness: 1.000E+04
  --------------------------------------------
  Optical depths at 1.0E+01 microns
  ranging from 1.00E-01 to 5.00E+01
  100 models with logarithmic grid           
  Required accuracy: 5%
  --------------------------------------------
  
  ====================================================  
  For compliance with the point-source assumption, the
  following results should only be applied to sources 
  whose effective temperature exceeds 2093 K.
  ====================================================
          
  RESULTS:
  --------
 ###   tau0   F1(W/m2)  r1(cm)    r1/rc   theta1  Td(Y) err   Mdot      Ve       M> 
 ###     1        2        3        4        5      6    7      8        9       10 
 ======================================================================================
   1 1.00E-01 6.12E+04 2.24E+14 9.63E+01 1.67E+00   23   0  1.31E-06 1.37E+01 1.09E+00
   2 1.06E-01 6.08E+04 2.24E+14 9.66E+01 1.67E+00   23   0  1.37E-06 1.38E+01 1.12E+00
   3 1.13E-01 6.04E+04 2.25E+14 9.69E+01 1.68E+00   23   0  1.45E-06 1.39E+01 1.14E+00
   4 1.21E-01 5.99E+04 2.26E+14 9.73E+01 1.69E+00   23   0  1.52E-06 1.40E+01 1.17E+00
   5 1.29E-01 5.95E+04 2.27E+14 9.77E+01 1.69E+00   23   0  1.60E-06 1.41E+01 1.20E+00
   6 1.37E-01 5.90E+04 2.28E+14 9.81E+01 1.70E+00   23   0  1.68E-06 1.42E+01 1.22E+00
   7 1.46E-01 5.85E+04 2.29E+14 9.85E+01 1.71E+00   23   0  1.77E-06 1.43E+01 1.25E+00
   8 1.55E-01 5.80E+04 2.30E+14 9.89E+01 1.71E+00   23   0  1.86E-06 1.44E+01 1.28E+00
   9 1.65E-01 5.75E+04 2.31E+14 9.94E+01 1.72E+00   23   0  1.96E-06 1.45E+01 1.30E+00
  10 1.76E-01 5.69E+04 2.32E+14 9.99E+01 1.73E+00   23   0  2.07E-06 1.45E+01 1.33E+00
  11 1.87E-01 5.63E+04 2.33E+14 1.00E+02 1.74E+00   23   0  2.17E-06 1.46E+01 1.36E+00
  12 1.99E-01 5.57E+04 2.34E+14 1.01E+02 1.75E+00   23   0  2.29E-06 1.47E+01 1.39E+00
  13 2.12E-01 5.51E+04 2.36E+14 1.01E+02 1.76E+00   23   0  2.41E-06 1.47E+01 1.41E+00
  14 2.26E-01 5.45E+04 2.37E+14 1.02E+02 1.77E+00   23   0  2.54E-06 1.48E+01 1.44E+00
  15 2.41E-01 5.38E+04 2.38E+14 1.03E+02 1.78E+00   23   0  2.67E-06 1.48E+01 1.46E+00
  16 2.56E-01 5.32E+04 2.40E+14 1.03E+02 1.79E+00   22   0  2.81E-06 1.49E+01 1.49E+00
  17 2.73E-01 5.25E+04 2.41E+14 1.04E+02 1.80E+00   22   0  2.96E-06 1.49E+01 1.52E+00
  18 2.91E-01 5.17E+04 2.43E+14 1.05E+02 1.81E+00   22   0  3.12E-06 1.49E+01 1.54E+00
  19 3.10E-01 5.10E+04 2.45E+14 1.05E+02 1.83E+00   22   0  3.28E-06 1.49E+01 1.56E+00
  20 3.30E-01 5.03E+04 2.47E+14 1.06E+02 1.84E+00   22   0  3.46E-06 1.49E+01 1.59E+00
  21 3.51E-01 4.95E+04 2.48E+14 1.07E+02 1.85E+00   22   0  3.64E-06 1.49E+01 1.61E+00
  22 3.74E-01 4.85E+04 2.51E+14 1.08E+02 1.87E+00   22   0  3.88E-06 1.49E+01 1.64E+00
  23 3.98E-01 4.77E+04 2.53E+14 1.09E+02 1.89E+00   22   0  4.08E-06 1.49E+01 1.66E+00
  24 4.24E-01 4.69E+04 2.55E+14 1.10E+02 1.90E+00   22   0  4.29E-06 1.48E+01 1.68E+00
  25 4.51E-01 4.61E+04 2.57E+14 1.11E+02 1.92E+00   22   0  4.52E-06 1.48E+01 1.69E+00
  26 4.80E-01 4.53E+04 2.60E+14 1.12E+02 1.94E+00   22   0  4.75E-06 1.47E+01 1.71E+00
  27 5.11E-01 4.45E+04 2.62E+14 1.13E+02 1.96E+00   22   0  5.00E-06 1.46E+01 1.73E+00
  28 5.45E-01 4.37E+04 2.64E+14 1.14E+02 1.97E+00   21   0  5.26E-06 1.45E+01 1.74E+00
  29 5.80E-01 4.29E+04 2.67E+14 1.15E+02 1.99E+00   21   0  5.53E-06 1.44E+01 1.76E+00
  30 6.17E-01 4.21E+04 2.69E+14 1.16E+02 2.01E+00   21   0  5.82E-06 1.43E+01 1.77E+00
  31 6.57E-01 4.13E+04 2.72E+14 1.17E+02 2.03E+00   21   0  6.11E-06 1.42E+01 1.78E+00
  32 7.00E-01 4.05E+04 2.75E+14 1.18E+02 2.05E+00   21   0  6.43E-06 1.40E+01 1.79E+00
  33 7.45E-01 3.97E+04 2.78E+14 1.20E+02 2.07E+00   21   0  6.75E-06 1.39E+01 1.80E+00
  34 7.94E-01 3.89E+04 2.80E+14 1.21E+02 2.09E+00   21   0  7.10E-06 1.37E+01 1.80E+00
  35 8.45E-01 3.81E+04 2.83E+14 1.22E+02 2.11E+00   21   0  7.46E-06 1.36E+01 1.81E+00
  36 9.00E-01 3.73E+04 2.86E+14 1.23E+02 2.14E+00   21   0  7.83E-06 1.34E+01 1.81E+00
  37 9.58E-01 3.65E+04 2.89E+14 1.25E+02 2.16E+00   21   0  8.23E-06 1.32E+01 1.81E+00
  38 1.02E+00 3.57E+04 2.93E+14 1.26E+02 2.18E+00   20   0  8.64E-06 1.31E+01 1.82E+00
  39 1.09E+00 3.50E+04 2.96E+14 1.27E+02 2.21E+00   20   0  9.07E-06 1.29E+01 1.82E+00
  40 1.16E+00 3.42E+04 2.99E+14 1.29E+02 2.23E+00   20   0  9.52E-06 1.27E+01 1.82E+00
  41 1.23E+00 3.34E+04 3.02E+14 1.30E+02 2.26E+00   20   0  1.00E-05 1.25E+01 1.81E+00
  42 1.31E+00 3.27E+04 3.06E+14 1.32E+02 2.28E+00   20   0  1.05E-05 1.23E+01 1.81E+00
  43 1.40E+00 3.19E+04 3.09E+14 1.33E+02 2.31E+00   20   0  1.10E-05 1.21E+01 1.81E+00
  44 1.49E+00 3.12E+04 3.13E+14 1.35E+02 2.34E+00   20   0  1.16E-05 1.19E+01 1.81E+00
  45 1.58E+00 3.05E+04 3.17E+14 1.37E+02 2.36E+00   20   0  1.21E-05 1.17E+01 1.80E+00
  46 1.69E+00 2.97E+04 3.21E+14 1.38E+02 2.39E+00   20   0  1.27E-05 1.15E+01 1.80E+00
  47 1.80E+00 2.90E+04 3.25E+14 1.40E+02 2.42E+00   19   0  1.34E-05 1.14E+01 1.80E+00
  48 1.91E+00 2.83E+04 3.29E+14 1.42E+02 2.45E+00   19   0  1.42E-05 1.13E+01 1.80E+00
  49 2.04E+00 2.76E+04 3.33E+14 1.44E+02 2.49E+00   19   0  1.50E-05 1.12E+01 1.80E+00
  50 2.17E+00 2.68E+04 3.38E+14 1.45E+02 2.52E+00   19   0  1.58E-05 1.11E+01 1.80E+00
  51 2.31E+00 2.61E+04 3.42E+14 1.47E+02 2.55E+00   19   0  1.67E-05 1.10E+01 1.80E+00
  52 2.46E+00 2.54E+04 3.47E+14 1.49E+02 2.59E+00   19   0  1.77E-05 1.09E+01 1.80E+00
  53 2.62E+00 2.47E+04 3.52E+14 1.51E+02 2.62E+00   19   0  1.87E-05 1.08E+01 1.80E+00
  54 2.79E+00 2.41E+04 3.57E+14 1.54E+02 2.66E+00   19   0  1.97E-05 1.07E+01 1.80E+00
  55 2.97E+00 2.34E+04 3.62E+14 1.56E+02 2.70E+00   18   0  2.09E-05 1.06E+01 1.80E+00
  56 3.16E+00 2.27E+04 3.67E+14 1.58E+02 2.74E+00   18   0  2.21E-05 1.05E+01 1.80E+00
  57 3.36E+00 2.20E+04 3.73E+14 1.61E+02 2.78E+00   18   0  2.34E-05 1.04E+01 1.80E+00
  58 3.58E+00 2.13E+04 3.78E+14 1.63E+02 2.82E+00   18   0  2.47E-05 1.03E+01 1.80E+00
  59 3.81E+00 2.07E+04 3.85E+14 1.66E+02 2.87E+00   18   0  2.62E-05 1.02E+01 1.80E+00
  60 4.06E+00 2.00E+04 3.91E+14 1.68E+02 2.92E+00   18   0  2.78E-05 1.01E+01 1.80E+00
  61 4.32E+00 1.96E+04 3.95E+14 1.70E+02 2.95E+00   18   0  2.90E-05 1.01E+01 1.80E+00
  62 4.60E+00 1.89E+04 4.02E+14 1.73E+02 3.00E+00   18   0  3.08E-05 9.97E+00 1.80E+00
  63 4.90E+00 1.83E+04 4.09E+14 1.76E+02 3.05E+00   18   0  3.27E-05 9.88E+00 1.80E+00
  64 5.22E+00 1.77E+04 4.16E+14 1.79E+02 3.11E+00   17   0  3.47E-05 9.78E+00 1.80E+00
  65 5.56E+00 1.69E+04 4.25E+14 1.83E+02 3.17E+00   17   0  3.73E-05 9.70E+00 1.79E+00
  66 5.92E+00 1.63E+04 4.33E+14 1.87E+02 3.23E+00   17   0  3.96E-05 9.60E+00 1.79E+00
  67 6.30E+00 1.57E+04 4.42E+14 1.90E+02 3.29E+00   17   0  4.21E-05 9.50E+00 1.79E+00
  68 6.71E+00 1.51E+04 4.50E+14 1.94E+02 3.36E+00   17   0  4.48E-05 9.40E+00 1.79E+00
  69 7.14E+00 1.45E+04 4.59E+14 1.98E+02 3.43E+00   17   0  4.77E-05 9.30E+00 1.79E+00
  70 7.61E+00 1.39E+04 4.68E+14 2.02E+02 3.50E+00   17   0  5.07E-05 9.20E+00 1.80E+00
  71 8.10E+00 1.34E+04 4.78E+14 2.06E+02 3.57E+00   16   0  5.41E-05 9.10E+00 1.80E+00
  72 8.62E+00 1.28E+04 4.88E+14 2.10E+02 3.64E+00   16   0  5.76E-05 8.99E+00 1.80E+00
  73 9.18E+00 1.24E+04 4.96E+14 2.14E+02 3.70E+00   16   0  6.05E-05 8.92E+00 1.80E+00
  74 9.78E+00 1.19E+04 5.07E+14 2.18E+02 3.78E+00   16   0  6.45E-05 8.81E+00 1.80E+00
  75 1.04E+01 1.14E+04 5.18E+14 2.23E+02 3.87E+00   16   1  6.89E-05 8.70E+00 1.80E+00
  76 1.11E+01 1.09E+04 5.30E+14 2.28E+02 3.95E+00   16   1  7.36E-05 8.60E+00 1.80E+00
  77 1.18E+01 1.04E+04 5.42E+14 2.34E+02 4.05E+00   16   1  7.87E-05 8.49E+00 1.81E+00
  78 1.26E+01 9.81E+03 5.58E+14 2.40E+02 4.17E+00   15   0  8.51E-05 8.40E+00 1.81E+00
  79 1.34E+01 9.35E+03 5.72E+14 2.46E+02 4.27E+00   15   1  9.10E-05 8.29E+00 1.81E+00
  80 1.42E+01 8.84E+03 5.88E+14 2.53E+02 4.39E+00   15   0  9.79E-05 8.28E+00 1.81E+00
  81 1.52E+01 8.41E+03 6.03E+14 2.60E+02 4.50E+00   15   0  1.05E-04 8.17E+00 1.81E+00
  82 1.62E+01 7.99E+03 6.19E+14 2.66E+02 4.61E+00   15   1  1.12E-04 8.06E+00 1.81E+00
  83 1.72E+01 7.59E+03 6.35E+14 2.73E+02 4.73E+00   15   1  1.20E-04 7.95E+00 1.81E+00
  84 1.83E+01 7.21E+03 6.51E+14 2.81E+02 4.86E+00   14   1  1.29E-04 7.84E+00 1.82E+00
  85 1.95E+01 6.84E+03 6.69E+14 2.88E+02 4.99E+00   14   1  1.38E-04 7.72E+00 1.82E+00
  86 2.08E+01 6.48E+03 6.87E+14 2.96E+02 5.13E+00   14   1  1.48E-04 7.61E+00 1.82E+00
  87 2.21E+01 6.14E+03 7.06E+14 3.04E+02 5.27E+00   14   1  1.59E-04 7.50E+00 1.83E+00
  88 2.35E+01 5.81E+03 7.25E+14 3.13E+02 5.41E+00   14   1  1.71E-04 7.38E+00 1.83E+00
  89 2.51E+01 5.59E+03 7.40E+14 3.19E+02 5.52E+00   13   2  1.80E-04 7.26E+00 1.83E+00
  90 2.67E+01 5.28E+03 7.61E+14 3.28E+02 5.68E+00   13   2  1.94E-04 7.14E+00 1.83E+00
  91 2.84E+01 4.99E+03 7.83E+14 3.37E+02 5.84E+00   13   2  2.08E-04 7.03E+00 1.83E+00
  92 3.03E+01 4.71E+03 8.06E+14 3.47E+02 6.01E+00   13   2  2.24E-04 6.91E+00 1.84E+00
  93 3.22E+01 4.44E+03 8.29E+14 3.57E+02 6.19E+00   13   2  2.41E-04 6.80E+00 1.84E+00
  94 3.43E+01 4.19E+03 8.54E+14 3.68E+02 6.37E+00   13   2  2.59E-04 6.68E+00 1.84E+00
  95 3.65E+01 3.95E+03 8.80E+14 3.79E+02 6.56E+00   12   3  2.79E-04 6.56E+00 1.85E+00
  96 3.89E+01 3.72E+03 9.06E+14 3.90E+02 6.76E+00   12   3  3.01E-04 6.45E+00 1.85E+00
  97 4.14E+01 3.51E+03 9.34E+14 4.02E+02 6.97E+00   12   3  3.24E-04 6.34E+00 1.85E+00
  98 4.41E+01 3.30E+03 9.62E+14 4.15E+02 7.18E+00   12   3  3.49E-04 6.23E+00 1.85E+00
  99 4.70E+01 3.11E+03 9.92E+14 4.27E+02 7.40E+00   12   3  3.77E-04 6.12E+00 1.86E+00
 100 5.00E+01 2.92E+03 1.02E+15 4.40E+02 7.63E+00   11   3  4.06E-04 6.01E+00 1.86E+00
 ======================================================================================
   (1) Optical depth at 1.0E+01 microns
   (2) Bolometric flux at the inner radius 
   (3) Inner radius for L=1E4 Lsun
   (4) Ratio of the inner to the stellar radius
   (5) Angular size (in arcsec) when Fbol=1E-6 W/m2
   (6) Dust temperature at the outer edge (in K)
   (7) Maximum error in flux conservation (%)
   (8) Mass-loss rate (in Msun/yr)
   (9) Terminal outflow velocity (in km/s)
   (10) Upper limit of the stellar mass (in Msun)
 =================================================
  Everything is OK for all models
  Spectra are in files *.s##
 ========== THE END ==============================
