 ===========================
  Output from program Dusty 
  Version: 2.0
 ===========================
  
  INPUT parameters from file:
  aringerCkmh_3000_600.inp                                              
  
* ----------------------------------------------------------------------
* NOTES:
* This is a simple version of an input file producing a minimal output.
* ----------------------------------------------------------------------
  Stellar spectrum supplied from file:
  aringerC_3000_resampled.dat                                           
  --------------------------------------------
  Abundances for supported grains:
  Sil-Ow Sil-Oc Sil-DL grf-DL amC-Hn SiC-Pg
  0.000  1.000  0.000  0.000  0.000  0.000
  KMH size distribution:
       Power q:  3.5
  Minimal size: 1.00E-02 microns
  Characteristic size: 1.00E+00 microns
  --------------------------------------------
  Dust temperature on the inner boundary: 600  K
  --------------------------------------------
  Density for radiatively driven winds from
  full dynamic calculation.
  Relative thickness: 1.000E+04
  --------------------------------------------
  Optical depths at 1.0E+01 microns
  ranging from 1.00E-01 to 5.00E+01
  100 models with logarithmic grid           
  Required accuracy: 5%
  --------------------------------------------
  
  ====================================================  
  For compliance with the point-source assumption, the
  following results should only be applied to sources 
  whose effective temperature exceeds 1546 K.
  ====================================================
          
  RESULTS:
  --------
 ###   tau0   F1(W/m2)  r1(cm)    r1/rc   theta1  Td(Y) err   Mdot      Ve       M> 
 ###     1        2        3        4        5      6    7      8        9       10 
 ======================================================================================
   1 1.00E-01 1.83E+04 4.09E+14 1.76E+02 3.05E+00   19   0  1.75E-06 9.99E+00 1.07E+00
   2 1.06E-01 1.82E+04 4.10E+14 1.77E+02 3.06E+00   19   0  1.84E-06 1.01E+01 1.10E+00
   3 1.13E-01 1.80E+04 4.12E+14 1.77E+02 3.07E+00   19   0  1.94E-06 1.02E+01 1.12E+00
   4 1.21E-01 1.79E+04 4.13E+14 1.78E+02 3.08E+00   19   0  2.04E-06 1.02E+01 1.15E+00
   5 1.29E-01 1.78E+04 4.15E+14 1.79E+02 3.09E+00   19   0  2.14E-06 1.03E+01 1.17E+00
   6 1.37E-01 1.77E+04 4.16E+14 1.79E+02 3.11E+00   19   0  2.25E-06 1.04E+01 1.20E+00
   7 1.46E-01 1.75E+04 4.18E+14 1.80E+02 3.12E+00   19   0  2.37E-06 1.04E+01 1.23E+00
   8 1.55E-01 1.74E+04 4.20E+14 1.81E+02 3.13E+00   19   0  2.50E-06 1.05E+01 1.25E+00
   9 1.65E-01 1.72E+04 4.22E+14 1.82E+02 3.15E+00   19   0  2.63E-06 1.06E+01 1.28E+00
  10 1.76E-01 1.70E+04 4.24E+14 1.83E+02 3.16E+00   19   0  2.76E-06 1.06E+01 1.30E+00
  11 1.87E-01 1.69E+04 4.26E+14 1.83E+02 3.18E+00   19   0  2.91E-06 1.07E+01 1.33E+00
  12 1.99E-01 1.67E+04 4.28E+14 1.84E+02 3.19E+00   19   0  3.06E-06 1.07E+01 1.36E+00
  13 2.12E-01 1.65E+04 4.30E+14 1.85E+02 3.21E+00   18   0  3.22E-06 1.08E+01 1.38E+00
  14 2.26E-01 1.63E+04 4.33E+14 1.86E+02 3.23E+00   18   0  3.39E-06 1.08E+01 1.41E+00
  15 2.41E-01 1.61E+04 4.35E+14 1.88E+02 3.25E+00   18   0  3.57E-06 1.08E+01 1.43E+00
  16 2.56E-01 1.59E+04 4.38E+14 1.89E+02 3.27E+00   18   0  3.76E-06 1.08E+01 1.46E+00
  17 2.73E-01 1.57E+04 4.41E+14 1.90E+02 3.29E+00   18   0  3.95E-06 1.09E+01 1.48E+00
  18 2.91E-01 1.55E+04 4.44E+14 1.91E+02 3.31E+00   18   0  4.16E-06 1.09E+01 1.50E+00
  19 3.10E-01 1.53E+04 4.47E+14 1.93E+02 3.33E+00   18   0  4.38E-06 1.09E+01 1.53E+00
  20 3.30E-01 1.51E+04 4.50E+14 1.94E+02 3.36E+00   18   0  4.61E-06 1.08E+01 1.55E+00
  21 3.51E-01 1.49E+04 4.53E+14 1.95E+02 3.38E+00   18   0  4.85E-06 1.08E+01 1.57E+00
  22 3.74E-01 1.46E+04 4.58E+14 1.97E+02 3.42E+00   18   0  5.16E-06 1.09E+01 1.59E+00
  23 3.98E-01 1.43E+04 4.62E+14 1.99E+02 3.44E+00   18   0  5.43E-06 1.08E+01 1.61E+00
  24 4.24E-01 1.41E+04 4.65E+14 2.00E+02 3.47E+00   18   0  5.71E-06 1.08E+01 1.63E+00
  25 4.51E-01 1.39E+04 4.69E+14 2.02E+02 3.50E+00   18   0  6.01E-06 1.07E+01 1.64E+00
  26 4.80E-01 1.37E+04 4.73E+14 2.04E+02 3.53E+00   18   0  6.32E-06 1.07E+01 1.66E+00
  27 5.11E-01 1.34E+04 4.77E+14 2.06E+02 3.56E+00   18   0  6.64E-06 1.06E+01 1.67E+00
  28 5.45E-01 1.32E+04 4.82E+14 2.07E+02 3.59E+00   18   0  6.98E-06 1.05E+01 1.69E+00
  29 5.80E-01 1.29E+04 4.86E+14 2.09E+02 3.63E+00   17   0  7.33E-06 1.04E+01 1.70E+00
  30 6.17E-01 1.27E+04 4.91E+14 2.11E+02 3.66E+00   17   0  7.70E-06 1.03E+01 1.70E+00
  31 6.57E-01 1.25E+04 4.95E+14 2.13E+02 3.69E+00   17   0  8.09E-06 1.02E+01 1.71E+00
  32 7.00E-01 1.22E+04 5.00E+14 2.15E+02 3.73E+00   17   0  8.49E-06 1.01E+01 1.72E+00
  33 7.45E-01 1.20E+04 5.05E+14 2.17E+02 3.77E+00   17   0  8.91E-06 1.00E+01 1.72E+00
  34 7.94E-01 1.18E+04 5.10E+14 2.20E+02 3.80E+00   17   0  9.35E-06 9.88E+00 1.73E+00
  35 8.45E-01 1.15E+04 5.15E+14 2.22E+02 3.84E+00   17   0  9.81E-06 9.75E+00 1.73E+00
  36 9.00E-01 1.13E+04 5.20E+14 2.24E+02 3.88E+00   17   0  1.03E-05 9.61E+00 1.73E+00
  37 9.58E-01 1.11E+04 5.25E+14 2.26E+02 3.92E+00   17   0  1.08E-05 9.47E+00 1.73E+00
  38 1.02E+00 1.09E+04 5.30E+14 2.28E+02 3.96E+00   17   0  1.13E-05 9.32E+00 1.72E+00
  39 1.09E+00 1.06E+04 5.36E+14 2.31E+02 4.00E+00   17   0  1.19E-05 9.17E+00 1.72E+00
  40 1.16E+00 1.04E+04 5.41E+14 2.33E+02 4.04E+00   16   0  1.24E-05 9.01E+00 1.72E+00
  41 1.23E+00 1.02E+04 5.47E+14 2.36E+02 4.08E+00   16   0  1.30E-05 8.86E+00 1.71E+00
  42 1.31E+00 1.00E+04 5.53E+14 2.38E+02 4.13E+00   16   0  1.37E-05 8.70E+00 1.70E+00
  43 1.40E+00 9.79E+03 5.59E+14 2.41E+02 4.17E+00   16   0  1.43E-05 8.54E+00 1.70E+00
  44 1.49E+00 9.58E+03 5.65E+14 2.43E+02 4.22E+00   16   0  1.50E-05 8.37E+00 1.69E+00
  45 1.58E+00 9.37E+03 5.71E+14 2.46E+02 4.26E+00   16   0  1.58E-05 8.27E+00 1.68E+00
  46 1.69E+00 9.16E+03 5.78E+14 2.49E+02 4.31E+00   16   0  1.66E-05 8.19E+00 1.68E+00
  47 1.80E+00 8.95E+03 5.84E+14 2.52E+02 4.36E+00   16   0  1.75E-05 8.11E+00 1.68E+00
  48 1.91E+00 8.75E+03 5.91E+14 2.55E+02 4.41E+00   16   0  1.84E-05 8.03E+00 1.68E+00
  49 2.04E+00 8.55E+03 5.98E+14 2.58E+02 4.46E+00   16   0  1.94E-05 7.95E+00 1.67E+00
  50 2.17E+00 8.35E+03 6.05E+14 2.61E+02 4.52E+00   16   0  2.05E-05 7.87E+00 1.67E+00
  51 2.31E+00 8.15E+03 6.13E+14 2.64E+02 4.57E+00   16   0  2.16E-05 7.80E+00 1.66E+00
  52 2.46E+00 7.95E+03 6.20E+14 2.67E+02 4.63E+00   15   0  2.27E-05 7.72E+00 1.66E+00
  53 2.62E+00 7.75E+03 6.28E+14 2.71E+02 4.69E+00   15   0  2.40E-05 7.65E+00 1.65E+00
  54 2.79E+00 7.56E+03 6.36E+14 2.74E+02 4.75E+00   15   0  2.53E-05 7.58E+00 1.65E+00
  55 2.97E+00 7.36E+03 6.45E+14 2.78E+02 4.81E+00   15   0  2.67E-05 7.51E+00 1.64E+00
  56 3.16E+00 7.17E+03 6.53E+14 2.81E+02 4.87E+00   15   0  2.82E-05 7.44E+00 1.64E+00
  57 3.36E+00 6.98E+03 6.62E+14 2.85E+02 4.94E+00   15   0  2.98E-05 7.37E+00 1.64E+00
  58 3.58E+00 6.79E+03 6.71E+14 2.89E+02 5.01E+00   15   0  3.15E-05 7.31E+00 1.63E+00
  59 3.81E+00 6.60E+03 6.81E+14 2.93E+02 5.08E+00   15   0  3.33E-05 7.24E+00 1.63E+00
  60 4.06E+00 6.41E+03 6.91E+14 2.98E+02 5.15E+00   15   0  3.52E-05 7.17E+00 1.62E+00
  61 4.32E+00 6.28E+03 6.98E+14 3.01E+02 5.21E+00   15   0  3.67E-05 7.13E+00 1.62E+00
  62 4.60E+00 6.09E+03 7.08E+14 3.05E+02 5.29E+00   15   0  3.89E-05 7.06E+00 1.62E+00
  63 4.90E+00 5.91E+03 7.19E+14 3.10E+02 5.37E+00   14   0  4.12E-05 7.00E+00 1.61E+00
  64 5.22E+00 5.73E+03 7.31E+14 3.15E+02 5.45E+00   14   0  4.36E-05 6.93E+00 1.61E+00
  65 5.56E+00 5.51E+03 7.45E+14 3.21E+02 5.56E+00   14   0  4.66E-05 6.88E+00 1.60E+00
  66 5.92E+00 5.33E+03 7.58E+14 3.26E+02 5.65E+00   14   0  4.95E-05 6.82E+00 1.59E+00
  67 6.30E+00 5.15E+03 7.70E+14 3.32E+02 5.75E+00   14   0  5.25E-05 6.75E+00 1.59E+00
  68 6.71E+00 4.98E+03 7.84E+14 3.38E+02 5.85E+00   14   0  5.57E-05 6.68E+00 1.59E+00
  69 7.14E+00 4.81E+03 7.98E+14 3.44E+02 5.95E+00   14   0  5.91E-05 6.62E+00 1.59E+00
  70 7.61E+00 4.64E+03 8.12E+14 3.50E+02 6.06E+00   14   0  6.28E-05 6.55E+00 1.58E+00
  71 8.10E+00 4.47E+03 8.27E+14 3.56E+02 6.17E+00   14   0  6.67E-05 6.49E+00 1.58E+00
  72 8.62E+00 4.30E+03 8.43E+14 3.63E+02 6.29E+00   13   0  7.09E-05 6.42E+00 1.58E+00
  73 9.18E+00 4.19E+03 8.54E+14 3.68E+02 6.37E+00   13   0  7.43E-05 6.37E+00 1.58E+00
  74 9.78E+00 4.03E+03 8.71E+14 3.75E+02 6.50E+00   13   0  7.91E-05 6.29E+00 1.57E+00
  75 1.04E+01 3.87E+03 8.89E+14 3.83E+02 6.63E+00   13   0  8.42E-05 6.22E+00 1.57E+00
  76 1.11E+01 3.72E+03 9.07E+14 3.91E+02 6.77E+00   13   1  8.97E-05 6.15E+00 1.57E+00
  77 1.18E+01 3.56E+03 9.26E+14 3.99E+02 6.91E+00   13   1  9.57E-05 6.08E+00 1.57E+00
  78 1.26E+01 3.38E+03 9.51E+14 4.10E+02 7.09E+00   13   0  1.03E-04 6.02E+00 1.56E+00
  79 1.34E+01 3.24E+03 9.72E+14 4.19E+02 7.25E+00   13   0  1.10E-04 5.95E+00 1.56E+00
  80 1.42E+01 3.08E+03 9.96E+14 4.29E+02 7.43E+00   12   0  1.18E-04 5.94E+00 1.56E+00
  81 1.52E+01 2.94E+03 1.02E+15 4.39E+02 7.60E+00   12   0  1.26E-04 5.86E+00 1.56E+00
  82 1.62E+01 2.81E+03 1.04E+15 4.49E+02 7.78E+00   12   0  1.35E-04 5.78E+00 1.55E+00
  83 1.72E+01 2.68E+03 1.07E+15 4.60E+02 7.96E+00   12   1  1.44E-04 5.71E+00 1.55E+00
  84 1.83E+01 2.56E+03 1.09E+15 4.71E+02 8.16E+00   12   1  1.54E-04 5.63E+00 1.55E+00
  85 1.95E+01 2.44E+03 1.12E+15 4.82E+02 8.35E+00   12   1  1.65E-04 5.55E+00 1.55E+00
  86 2.08E+01 2.32E+03 1.15E+15 4.94E+02 8.56E+00   12   1  1.76E-04 5.47E+00 1.55E+00
  87 2.21E+01 2.21E+03 1.18E+15 5.07E+02 8.78E+00   11   1  1.89E-04 5.38E+00 1.55E+00
  88 2.35E+01 2.10E+03 1.21E+15 5.20E+02 9.00E+00   11   1  2.02E-04 5.30E+00 1.55E+00
  89 2.51E+01 2.03E+03 1.23E+15 5.29E+02 9.17E+00   11   2  2.13E-04 5.21E+00 1.55E+00
  90 2.67E+01 1.92E+03 1.26E+15 5.43E+02 9.41E+00   11   2  2.28E-04 5.12E+00 1.54E+00
  91 2.84E+01 1.83E+03 1.29E+15 5.58E+02 9.66E+00   11   2  2.45E-04 5.04E+00 1.54E+00
  92 3.03E+01 1.73E+03 1.33E+15 5.73E+02 9.92E+00   11   2  2.63E-04 4.95E+00 1.54E+00
  93 3.22E+01 1.64E+03 1.37E+15 5.88E+02 1.02E+01   10   2  2.82E-04 4.86E+00 1.54E+00
  94 3.43E+01 1.55E+03 1.40E+15 6.05E+02 1.05E+01   10   2  3.03E-04 4.78E+00 1.54E+00
  95 3.65E+01 1.47E+03 1.44E+15 6.21E+02 1.08E+01   10   2  3.25E-04 4.69E+00 1.54E+00
  96 3.89E+01 1.39E+03 1.48E+15 6.39E+02 1.11E+01   10   2  3.49E-04 4.60E+00 1.53E+00
  97 4.14E+01 1.32E+03 1.52E+15 6.57E+02 1.14E+01   10   2  3.76E-04 4.52E+00 1.53E+00
  98 4.41E+01 1.24E+03 1.57E+15 6.75E+02 1.17E+01   10   2  4.04E-04 4.43E+00 1.53E+00
  99 4.70E+01 1.18E+03 1.61E+15 6.95E+02 1.20E+01    9   2 4.34E-04 4.35E+00 1.53E+00
 100 5.00E+01 1.11E+03 1.66E+15 7.15E+02 1.24E+01    9   3 4.67E-04 4.27E+00 1.52E+00
 ======================================================================================
   (1) Optical depth at 1.0E+01 microns
   (2) Bolometric flux at the inner radius 
   (3) Inner radius for L=1E4 Lsun
   (4) Ratio of the inner to the stellar radius
   (5) Angular size (in arcsec) when Fbol=1E-6 W/m2
   (6) Dust temperature at the outer edge (in K)
   (7) Maximum error in flux conservation (%)
   (8) Mass-loss rate (in Msun/yr)
   (9) Terminal outflow velocity (in km/s)
   (10) Upper limit of the stellar mass (in Msun)
 =================================================
  Everything is OK for all models
  Spectra are in files *.s##
 ========== THE END ==============================
