 ===========================
  Output from program Dusty 
  Version: 2.0
 ===========================
  
  INPUT parameters from file:
  aringerCkmh_2800_1200.inp                                             
  
* ----------------------------------------------------------------------
* NOTES:
* This is a simple version of an input file producing a minimal output.
* ----------------------------------------------------------------------
  Stellar spectrum supplied from file:
  aringerC_2800_resampled.dat                                           
  --------------------------------------------
  Abundances for supported grains:
  Sil-Ow Sil-Oc Sil-DL grf-DL amC-Hn SiC-Pg
  0.000  1.000  0.000  0.000  0.000  0.000
  KMH size distribution:
       Power q:  3.5
  Minimal size: 1.00E-02 microns
  Characteristic size: 1.00E+00 microns
  --------------------------------------------
  Dust temperature on the inner boundary: 1200 K
  --------------------------------------------
  Density for radiatively driven winds from
  full dynamic calculation.
  Relative thickness: 1.000E+04
  --------------------------------------------
  Optical depths at 1.0E+01 microns
  ranging from 1.00E-01 to 5.00E+01
  100 models with logarithmic grid           
  Required accuracy: 5%
  --------------------------------------------
  
  ====================================================  
  For compliance with the point-source assumption, the
  following results should only be applied to sources 
  whose effective temperature exceeds 3395 K.
  ====================================================
          
  RESULTS:
  --------
 ###   tau0   F1(W/m2)  r1(cm)    r1/rc   theta1  Td(Y) err   Mdot      Ve       M> 
 ###     1        2        3        4        5      6    7      8        9       10 
 ======================================================================================
   1 1.00E-01 4.22E+05 8.51E+13 3.67E+01 6.35E-01   32   0  8.02E-07 2.21E+01 1.08E+00
   2 1.06E-01 4.19E+05 8.54E+13 3.68E+01 6.37E-01   32   0  8.44E-07 2.23E+01 1.11E+00
   3 1.13E-01 4.16E+05 8.58E+13 3.69E+01 6.40E-01   32   0  8.88E-07 2.25E+01 1.13E+00
   4 1.21E-01 4.13E+05 8.61E+13 3.71E+01 6.42E-01   32   0  9.35E-07 2.27E+01 1.16E+00
   5 1.29E-01 4.09E+05 8.64E+13 3.72E+01 6.45E-01   32   0  9.85E-07 2.29E+01 1.19E+00
   6 1.37E-01 4.06E+05 8.68E+13 3.74E+01 6.48E-01   32   0  1.04E-06 2.31E+01 1.22E+00
   7 1.46E-01 4.02E+05 8.72E+13 3.76E+01 6.51E-01   32   0  1.09E-06 2.32E+01 1.25E+00
   8 1.55E-01 3.98E+05 8.76E+13 3.77E+01 6.54E-01   31   0  1.15E-06 2.34E+01 1.27E+00
   9 1.65E-01 3.94E+05 8.81E+13 3.79E+01 6.57E-01   31   0  1.21E-06 2.36E+01 1.30E+00
  10 1.76E-01 3.90E+05 8.85E+13 3.81E+01 6.61E-01   31   0  1.28E-06 2.37E+01 1.33E+00
  11 1.87E-01 3.86E+05 8.90E+13 3.84E+01 6.64E-01   31   0  1.35E-06 2.39E+01 1.36E+00
  12 1.99E-01 3.81E+05 8.96E+13 3.86E+01 6.68E-01   31   0  1.42E-06 2.40E+01 1.39E+00
  13 2.12E-01 3.76E+05 9.01E+13 3.88E+01 6.72E-01   31   0  1.49E-06 2.41E+01 1.42E+00
  14 2.26E-01 3.72E+05 9.07E+13 3.91E+01 6.77E-01   31   0  1.58E-06 2.42E+01 1.45E+00
  15 2.41E-01 3.67E+05 9.13E+13 3.93E+01 6.81E-01   31   0  1.66E-06 2.43E+01 1.48E+00
  16 2.56E-01 3.61E+05 9.20E+13 3.96E+01 6.86E-01   31   0  1.75E-06 2.44E+01 1.51E+00
  17 2.73E-01 3.56E+05 9.27E+13 3.99E+01 6.91E-01   31   0  1.85E-06 2.45E+01 1.54E+00
  18 2.91E-01 3.51E+05 9.34E+13 4.02E+01 6.97E-01   31   0  1.95E-06 2.46E+01 1.56E+00
  19 3.10E-01 3.45E+05 9.42E+13 4.06E+01 7.02E-01   31   0  2.05E-06 2.46E+01 1.59E+00
  20 3.30E-01 3.39E+05 9.49E+13 4.09E+01 7.08E-01   30   0  2.17E-06 2.46E+01 1.62E+00
  21 3.51E-01 3.33E+05 9.58E+13 4.13E+01 7.15E-01   30   0  2.29E-06 2.47E+01 1.65E+00
  22 3.74E-01 3.25E+05 9.69E+13 4.18E+01 7.23E-01   30   0  2.44E-06 2.48E+01 1.68E+00
  23 3.98E-01 3.19E+05 9.79E+13 4.22E+01 7.30E-01   30   0  2.58E-06 2.48E+01 1.71E+00
  24 4.24E-01 3.13E+05 9.88E+13 4.26E+01 7.37E-01   30   0  2.72E-06 2.47E+01 1.73E+00
  25 4.51E-01 3.07E+05 9.99E+13 4.30E+01 7.45E-01   30   0  2.87E-06 2.47E+01 1.76E+00
  26 4.80E-01 3.00E+05 1.01E+14 4.35E+01 7.53E-01   30   0  3.03E-06 2.46E+01 1.78E+00
  27 5.11E-01 2.94E+05 1.02E+14 4.39E+01 7.61E-01   30   0  3.20E-06 2.45E+01 1.81E+00
  28 5.45E-01 2.87E+05 1.03E+14 4.44E+01 7.70E-01   29   0  3.37E-06 2.45E+01 1.83E+00
  29 5.80E-01 2.81E+05 1.04E+14 4.50E+01 7.79E-01   29   0  3.56E-06 2.43E+01 1.85E+00
  30 6.17E-01 2.74E+05 1.06E+14 4.55E+01 7.88E-01   29   0  3.76E-06 2.42E+01 1.87E+00
  31 6.57E-01 2.68E+05 1.07E+14 4.60E+01 7.97E-01   29   0  3.96E-06 2.41E+01 1.89E+00
  32 7.00E-01 2.61E+05 1.08E+14 4.66E+01 8.07E-01   29   0  4.18E-06 2.39E+01 1.91E+00
  33 7.45E-01 2.55E+05 1.10E+14 4.72E+01 8.18E-01   29   0  4.41E-06 2.38E+01 1.93E+00
  34 7.94E-01 2.48E+05 1.11E+14 4.78E+01 8.28E-01   28   0  4.66E-06 2.36E+01 1.95E+00
  35 8.45E-01 2.42E+05 1.13E+14 4.85E+01 8.40E-01   28   0  4.92E-06 2.34E+01 1.96E+00
  36 9.00E-01 2.35E+05 1.14E+14 4.91E+01 8.51E-01   28   0  5.19E-06 2.32E+01 1.98E+00
  37 9.58E-01 2.29E+05 1.16E+14 4.98E+01 8.63E-01   28   0  5.48E-06 2.29E+01 1.99E+00
  38 1.02E+00 2.22E+05 1.17E+14 5.05E+01 8.75E-01   28   0  5.78E-06 2.27E+01 2.00E+00
  39 1.09E+00 2.16E+05 1.19E+14 5.13E+01 8.88E-01   28   0  6.10E-06 2.25E+01 2.02E+00
  40 1.16E+00 2.10E+05 1.21E+14 5.20E+01 9.01E-01   27   0  6.44E-06 2.22E+01 2.03E+00
  41 1.23E+00 2.03E+05 1.23E+14 5.28E+01 9.15E-01   27   0  6.80E-06 2.19E+01 2.04E+00
  42 1.31E+00 1.97E+05 1.24E+14 5.36E+01 9.29E-01   27   0  7.17E-06 2.17E+01 2.05E+00
  43 1.40E+00 1.91E+05 1.26E+14 5.45E+01 9.43E-01   27   0  7.57E-06 2.14E+01 2.06E+00
  44 1.49E+00 1.85E+05 1.28E+14 5.53E+01 9.58E-01   27   0  8.00E-06 2.11E+01 2.06E+00
  45 1.58E+00 1.79E+05 1.31E+14 5.62E+01 9.74E-01   27   0  8.45E-06 2.08E+01 2.07E+00
  46 1.69E+00 1.74E+05 1.33E+14 5.72E+01 9.90E-01   26   0  8.92E-06 2.05E+01 2.08E+00
  47 1.80E+00 1.68E+05 1.35E+14 5.81E+01 1.01E+00   26   0  9.42E-06 2.03E+01 2.08E+00
  48 1.91E+00 1.62E+05 1.37E+14 5.91E+01 1.02E+00   26   0  9.96E-06 2.00E+01 2.09E+00
  49 2.04E+00 1.57E+05 1.40E+14 6.02E+01 1.04E+00   26   0  1.05E-05 1.97E+01 2.10E+00
  50 2.17E+00 1.51E+05 1.42E+14 6.12E+01 1.06E+00   26   0  1.11E-05 1.94E+01 2.10E+00
  51 2.31E+00 1.46E+05 1.45E+14 6.24E+01 1.08E+00   25   0  1.18E-05 1.91E+01 2.10E+00
  52 2.46E+00 1.41E+05 1.47E+14 6.35E+01 1.10E+00   25   0  1.24E-05 1.87E+01 2.11E+00
  53 2.62E+00 1.36E+05 1.50E+14 6.47E+01 1.12E+00   25   0  1.31E-05 1.84E+01 2.11E+00
  54 2.79E+00 1.30E+05 1.53E+14 6.59E+01 1.14E+00   25   0  1.39E-05 1.82E+01 2.12E+00
  55 2.97E+00 1.26E+05 1.56E+14 6.72E+01 1.16E+00   25   0  1.48E-05 1.80E+01 2.13E+00
  56 3.16E+00 1.21E+05 1.59E+14 6.86E+01 1.19E+00   24   0  1.57E-05 1.78E+01 2.14E+00
  57 3.36E+00 1.16E+05 1.62E+14 7.00E+01 1.21E+00   24   0  1.67E-05 1.76E+01 2.15E+00
  58 3.58E+00 1.11E+05 1.66E+14 7.14E+01 1.24E+00   24   0  1.78E-05 1.74E+01 2.16E+00
  59 3.81E+00 1.07E+05 1.69E+14 7.30E+01 1.26E+00   24   0  1.90E-05 1.72E+01 2.16E+00
  60 4.06E+00 1.02E+05 1.73E+14 7.45E+01 1.29E+00   24   0  2.02E-05 1.70E+01 2.17E+00
  61 4.32E+00 9.91E+04 1.76E+14 7.57E+01 1.31E+00   23   0  2.12E-05 1.69E+01 2.18E+00
  62 4.60E+00 9.48E+04 1.80E+14 7.74E+01 1.34E+00   23   0  2.26E-05 1.67E+01 2.19E+00
  63 4.90E+00 9.06E+04 1.84E+14 7.91E+01 1.37E+00   23   0  2.41E-05 1.65E+01 2.20E+00
  64 5.22E+00 8.66E+04 1.88E+14 8.10E+01 1.40E+00   23   0  2.57E-05 1.63E+01 2.21E+00
  65 5.56E+00 8.15E+04 1.94E+14 8.34E+01 1.45E+00   23   0  2.78E-05 1.61E+01 2.21E+00
  66 5.92E+00 7.77E+04 1.98E+14 8.54E+01 1.48E+00   22   0  2.97E-05 1.59E+01 2.21E+00
  67 6.30E+00 7.41E+04 2.03E+14 8.75E+01 1.52E+00   22   0  3.17E-05 1.57E+01 2.22E+00
  68 6.71E+00 7.08E+04 2.08E+14 8.95E+01 1.55E+00   22   0  3.39E-05 1.55E+01 2.23E+00
  69 7.14E+00 6.73E+04 2.13E+14 9.18E+01 1.59E+00   22   0  3.62E-05 1.52E+01 2.24E+00
  70 7.61E+00 6.40E+04 2.19E+14 9.41E+01 1.63E+00   22   0  3.88E-05 1.50E+01 2.25E+00
  71 8.10E+00 6.08E+04 2.24E+14 9.66E+01 1.67E+00   21   0  4.15E-05 1.48E+01 2.26E+00
  72 8.62E+00 5.77E+04 2.30E+14 9.91E+01 1.72E+00   21   0  4.45E-05 1.46E+01 2.27E+00
  73 9.18E+00 5.56E+04 2.35E+14 1.01E+02 1.75E+00   21   1  4.68E-05 1.44E+01 2.27E+00
  74 9.78E+00 5.27E+04 2.41E+14 1.04E+02 1.80E+00   21   1  5.02E-05 1.42E+01 2.28E+00
  75 1.04E+01 4.99E+04 2.48E+14 1.07E+02 1.85E+00   21   1  5.39E-05 1.40E+01 2.29E+00
  76 1.11E+01 4.72E+04 2.54E+14 1.10E+02 1.90E+00   20   1  5.78E-05 1.38E+01 2.30E+00
  77 1.18E+01 4.47E+04 2.62E+14 1.13E+02 1.95E+00   20   1  6.21E-05 1.36E+01 2.31E+00
  78 1.26E+01 4.15E+04 2.71E+14 1.17E+02 2.02E+00   20   1  6.75E-05 1.35E+01 2.32E+00
  79 1.34E+01 3.92E+04 2.79E+14 1.20E+02 2.08E+00   20   1  7.26E-05 1.33E+01 2.32E+00
  80 1.42E+01 3.68E+04 2.88E+14 1.24E+02 2.15E+00   19   1  7.84E-05 1.32E+01 2.33E+00
  81 1.52E+01 3.47E+04 2.97E+14 1.28E+02 2.21E+00   19   1  8.43E-05 1.30E+01 2.34E+00
  82 1.62E+01 3.28E+04 3.05E+14 1.32E+02 2.28E+00   19   1  9.06E-05 1.28E+01 2.35E+00
  83 1.72E+01 3.09E+04 3.15E+14 1.36E+02 2.35E+00   19   1  9.74E-05 1.26E+01 2.36E+00
  84 1.83E+01 2.91E+04 3.24E+14 1.40E+02 2.42E+00   19   1  1.05E-04 1.24E+01 2.37E+00
  85 1.95E+01 2.74E+04 3.34E+14 1.44E+02 2.49E+00   18   1  1.13E-04 1.22E+01 2.38E+00
  86 2.08E+01 2.58E+04 3.45E+14 1.48E+02 2.57E+00   18   1  1.22E-04 1.20E+01 2.39E+00
  87 2.21E+01 2.42E+04 3.55E+14 1.53E+02 2.65E+00   18   1  1.31E-04 1.18E+01 2.40E+00
  88 2.35E+01 2.28E+04 3.67E+14 1.58E+02 2.73E+00   18   1  1.41E-04 1.16E+01 2.42E+00
  89 2.51E+01 2.18E+04 3.75E+14 1.61E+02 2.80E+00   17   2  1.49E-04 1.14E+01 2.42E+00
  90 2.67E+01 2.04E+04 3.87E+14 1.67E+02 2.89E+00   17   2  1.61E-04 1.13E+01 2.43E+00
  91 2.84E+01 1.92E+04 3.99E+14 1.72E+02 2.98E+00   17   2  1.74E-04 1.11E+01 2.45E+00
  92 3.03E+01 1.80E+04 4.12E+14 1.78E+02 3.08E+00   17   2  1.88E-04 1.09E+01 2.46E+00
  93 3.22E+01 1.69E+04 4.26E+14 1.83E+02 3.18E+00   16   3  2.03E-04 1.07E+01 2.47E+00
  94 3.43E+01 1.58E+04 4.40E+14 1.90E+02 3.28E+00   16   3  2.19E-04 1.05E+01 2.49E+00
  95 3.65E+01 1.48E+04 4.55E+14 1.96E+02 3.39E+00   16   3  2.37E-04 1.04E+01 2.50E+00
  96 3.89E+01 1.39E+04 4.70E+14 2.02E+02 3.51E+00   16   3  2.56E-04 1.02E+01 2.52E+00
  97 4.14E+01 1.30E+04 4.86E+14 2.09E+02 3.62E+00   15   3  2.77E-04 1.00E+01 2.53E+00
  98 4.41E+01 1.21E+04 5.02E+14 2.16E+02 3.75E+00   15   3  3.00E-04 9.87E+00 2.55E+00
  99 4.70E+01 1.13E+04 5.20E+14 2.24E+02 3.88E+00   15   3  3.24E-04 9.71E+00 2.57E+00
 100 5.00E+01 1.06E+04 5.38E+14 2.32E+02 4.01E+00   15   3  3.51E-04 9.56E+00 2.59E+00
 ======================================================================================
   (1) Optical depth at 1.0E+01 microns
   (2) Bolometric flux at the inner radius 
   (3) Inner radius for L=1E4 Lsun
   (4) Ratio of the inner to the stellar radius
   (5) Angular size (in arcsec) when Fbol=1E-6 W/m2
   (6) Dust temperature at the outer edge (in K)
   (7) Maximum error in flux conservation (%)
   (8) Mass-loss rate (in Msun/yr)
   (9) Terminal outflow velocity (in km/s)
   (10) Upper limit of the stellar mass (in Msun)
 =================================================
  Everything is OK for all models
  Spectra are in files *.s##
 ========== THE END ==============================
