 ===========================
  Output from program Dusty 
  Version: 2.0
 ===========================
  
  INPUT parameters from file:
  astronomical_3200_1200.inp                                            
  
* ----------------------------------------------------------------------
* NOTES:
* This is a simple version of an input file for calculation in
* planar geometry with single source illumination.
* ----------------------------------------------------------------------
  Stellar spectrum supplied from file:
  spectra_aringer/aringerO_3200_resampled.dat                           
  --------------------------------------------
  Abundances for supported grains:
  Sil-Ow Sil-Oc Sil-DL grf-DL amC-Hn SiC-Pg
  0.000  0.000  0.000  0.000  0.000  0.000
  Abundances for user supplied grains:
     1
  1.000
  User supplied n and k from:
  1) sil-dlee.nk                                                           
  MRN size distribution:
       Power q:  3.5
  Minimal size: 5.00E-03 microns
  Maximal size: 2.50E-01 microns
  --------------------------------------------
  Dust temperature on the inner boundary: 1200 K
  --------------------------------------------
  Density for radiatively driven winds from
  full dynamic calculation.
  Relative thickness: 1.000E+04
  --------------------------------------------
  Optical depths at 5.5E-01 microns
  ranging from 1.00E-01 to 5.00E+01
  100 models with linear grid                
  Required accuracy: 5%
  --------------------------------------------
  
  ====================================================  
  For compliance with the point-source assumption, the
  following results should only be applied to sources 
  whose effective temperature exceeds 3003 K.
  ====================================================
          
  RESULTS:
  --------
 ###   tau0   F1(W/m2)  r1(cm)    r1/rc   theta1  Td(Y) err   Mdot      Ve       M> 
 ###     1        2        3        4        5      6    7      8        9       10 
 ======================================================================================
   1 1.00E-01 2.86E+05 1.03E+14 4.46E+01 7.72E-01   26   0  1.29E-07 9.48E+00 2.31E-01
   2 6.04E-01 2.74E+05 1.06E+14 4.55E+01 7.88E-01   26   0  5.25E-07 1.36E+01 5.02E-01
   3 1.11E+00 2.63E+05 1.08E+14 4.64E+01 8.04E-01   26   0  8.52E-07 1.48E+01 6.29E-01
   4 1.61E+00 2.53E+05 1.10E+14 4.73E+01 8.20E-01   26   0  1.17E-06 1.55E+01 7.15E-01
   5 2.12E+00 2.45E+05 1.12E+14 4.82E+01 8.34E-01   25   0  1.45E-06 1.58E+01 7.73E-01
   6 2.62E+00 2.37E+05 1.14E+14 4.89E+01 8.47E-01   25   0  1.72E-06 1.59E+01 8.16E-01
   7 3.12E+00 2.31E+05 1.15E+14 4.96E+01 8.59E-01   25   0  1.98E-06 1.60E+01 8.49E-01
   8 3.63E+00 2.25E+05 1.17E+14 5.02E+01 8.70E-01   25   0  2.23E-06 1.59E+01 8.75E-01
   9 4.13E+00 2.19E+05 1.18E+14 5.09E+01 8.81E-01   25   0  2.48E-06 1.59E+01 8.96E-01
  10 4.64E+00 2.15E+05 1.19E+14 5.14E+01 8.91E-01   25   0  2.72E-06 1.58E+01 9.13E-01
  11 5.14E+00 2.10E+05 1.21E+14 5.20E+01 9.00E-01   25   0  2.95E-06 1.57E+01 9.27E-01
  12 5.64E+00 2.06E+05 1.22E+14 5.25E+01 9.09E-01   25   0  3.18E-06 1.56E+01 9.39E-01
  13 6.15E+00 2.02E+05 1.23E+14 5.30E+01 9.18E-01   24   0  3.40E-06 1.55E+01 9.49E-01
  14 6.65E+00 1.98E+05 1.24E+14 5.35E+01 9.26E-01   24   0  3.62E-06 1.54E+01 9.57E-01
  15 7.16E+00 1.95E+05 1.25E+14 5.39E+01 9.34E-01   24   0  3.83E-06 1.53E+01 9.63E-01
  16 7.66E+00 1.92E+05 1.26E+14 5.44E+01 9.42E-01   24   0  4.04E-06 1.52E+01 9.69E-01
  17 8.16E+00 1.89E+05 1.27E+14 5.48E+01 9.49E-01   24   0  4.25E-06 1.51E+01 9.74E-01
  18 8.67E+00 1.86E+05 1.28E+14 5.52E+01 9.56E-01   24   0  4.45E-06 1.50E+01 9.77E-01
  19 9.17E+00 1.84E+05 1.29E+14 5.56E+01 9.63E-01   24   0  4.66E-06 1.48E+01 9.80E-01
  20 9.68E+00 1.81E+05 1.30E+14 5.60E+01 9.70E-01   24   0  4.85E-06 1.47E+01 9.82E-01
  21 1.02E+01 1.79E+05 1.31E+14 5.64E+01 9.76E-01   24   0  5.05E-06 1.46E+01 9.84E-01
  22 1.07E+01 1.76E+05 1.32E+14 5.67E+01 9.82E-01   24   0  5.24E-06 1.45E+01 9.85E-01
  23 1.12E+01 1.74E+05 1.32E+14 5.71E+01 9.89E-01   24   0  5.43E-06 1.44E+01 9.86E-01
  24 1.17E+01 1.72E+05 1.33E+14 5.74E+01 9.94E-01   24   0  5.62E-06 1.42E+01 9.86E-01
  25 1.22E+01 1.70E+05 1.34E+14 5.77E+01 1.00E+00   24   0  5.80E-06 1.41E+01 9.86E-01
  26 1.27E+01 1.68E+05 1.35E+14 5.81E+01 1.01E+00   24   0  5.98E-06 1.40E+01 9.86E-01
  27 1.32E+01 1.66E+05 1.36E+14 5.84E+01 1.01E+00   23   0  6.16E-06 1.39E+01 9.86E-01
  28 1.37E+01 1.65E+05 1.36E+14 5.87E+01 1.02E+00   23   0  6.34E-06 1.38E+01 9.85E-01
  29 1.42E+01 1.63E+05 1.37E+14 5.90E+01 1.02E+00   23   0  6.52E-06 1.37E+01 9.84E-01
  30 1.47E+01 1.62E+05 1.38E+14 5.93E+01 1.03E+00   23   0  6.69E-06 1.36E+01 9.83E-01
  31 1.52E+01 1.60E+05 1.38E+14 5.96E+01 1.03E+00   23   0  6.87E-06 1.34E+01 9.81E-01
  32 1.57E+01 1.58E+05 1.39E+14 5.98E+01 1.04E+00   23   0  7.05E-06 1.34E+01 9.82E-01
  33 1.62E+01 1.57E+05 1.40E+14 6.01E+01 1.04E+00   23   0  7.24E-06 1.33E+01 9.82E-01
  34 1.67E+01 1.56E+05 1.40E+14 6.04E+01 1.05E+00   23   0  7.43E-06 1.33E+01 9.82E-01
  35 1.72E+01 1.54E+05 1.41E+14 6.07E+01 1.05E+00   23   0  7.61E-06 1.32E+01 9.82E-01
  36 1.77E+01 1.54E+05 1.41E+14 6.07E+01 1.05E+00   23   0  7.69E-06 1.32E+01 9.83E-01
  37 1.82E+01 1.53E+05 1.42E+14 6.10E+01 1.06E+00   23   0  7.87E-06 1.32E+01 9.83E-01
  38 1.87E+01 1.51E+05 1.42E+14 6.12E+01 1.06E+00   23   0  8.06E-06 1.32E+01 9.82E-01
  39 1.93E+01 1.50E+05 1.43E+14 6.15E+01 1.06E+00   23   0  8.24E-06 1.31E+01 9.82E-01
  40 1.98E+01 1.49E+05 1.43E+14 6.17E+01 1.07E+00   23   0  8.42E-06 1.31E+01 9.81E-01
  41 2.03E+01 1.48E+05 1.44E+14 6.19E+01 1.07E+00   23   0  8.60E-06 1.30E+01 9.81E-01
  42 2.08E+01 1.47E+05 1.44E+14 6.22E+01 1.08E+00   23   0  8.78E-06 1.30E+01 9.80E-01
  43 2.13E+01 1.46E+05 1.45E+14 6.24E+01 1.08E+00   23   0  8.96E-06 1.29E+01 9.79E-01
  44 2.18E+01 1.44E+05 1.46E+14 6.28E+01 1.09E+00   23   0  9.22E-06 1.29E+01 9.76E-01
  45 2.23E+01 1.43E+05 1.46E+14 6.30E+01 1.09E+00   23   0  9.40E-06 1.28E+01 9.75E-01
  46 2.28E+01 1.42E+05 1.47E+14 6.32E+01 1.09E+00   23   0  9.57E-06 1.28E+01 9.74E-01
  47 2.33E+01 1.41E+05 1.47E+14 6.34E+01 1.10E+00   23   0  9.75E-06 1.28E+01 9.73E-01
  48 2.38E+01 1.40E+05 1.48E+14 6.36E+01 1.10E+00   23   0  9.93E-06 1.27E+01 9.72E-01
  49 2.43E+01 1.39E+05 1.48E+14 6.38E+01 1.11E+00   23   0  1.01E-05 1.27E+01 9.71E-01
  50 2.48E+01 1.38E+05 1.49E+14 6.40E+01 1.11E+00   22   0  1.03E-05 1.27E+01 9.70E-01
  51 2.53E+01 1.38E+05 1.49E+14 6.42E+01 1.11E+00   22   0  1.05E-05 1.26E+01 9.69E-01
  52 2.58E+01 1.37E+05 1.50E+14 6.44E+01 1.12E+00   22   0  1.06E-05 1.26E+01 9.68E-01
  53 2.63E+01 1.36E+05 1.50E+14 6.46E+01 1.12E+00   22   0  1.08E-05 1.26E+01 9.67E-01
  54 2.68E+01 1.35E+05 1.50E+14 6.48E+01 1.12E+00   22   0  1.10E-05 1.25E+01 9.66E-01
  55 2.73E+01 1.34E+05 1.51E+14 6.50E+01 1.13E+00   22   0  1.12E-05 1.25E+01 9.65E-01
  56 2.78E+01 1.34E+05 1.51E+14 6.52E+01 1.13E+00   22   0  1.13E-05 1.25E+01 9.64E-01
  57 2.83E+01 1.33E+05 1.52E+14 6.54E+01 1.13E+00   22   0  1.15E-05 1.24E+01 9.62E-01
  58 2.88E+01 1.32E+05 1.52E+14 6.56E+01 1.14E+00   22   0  1.17E-05 1.24E+01 9.61E-01
  59 2.93E+01 1.31E+05 1.53E+14 6.57E+01 1.14E+00   22   0  1.18E-05 1.24E+01 9.60E-01
  60 2.98E+01 1.31E+05 1.53E+14 6.59E+01 1.14E+00   22   0  1.20E-05 1.23E+01 9.59E-01
  61 3.03E+01 1.30E+05 1.53E+14 6.61E+01 1.14E+00   22   0  1.22E-05 1.23E+01 9.58E-01
  62 3.08E+01 1.29E+05 1.54E+14 6.63E+01 1.15E+00   22   0  1.24E-05 1.23E+01 9.57E-01
  63 3.14E+01 1.29E+05 1.54E+14 6.64E+01 1.15E+00   22   0  1.25E-05 1.22E+01 9.56E-01
  64 3.19E+01 1.28E+05 1.55E+14 6.66E+01 1.15E+00   22   0  1.27E-05 1.22E+01 9.55E-01
  65 3.24E+01 1.27E+05 1.55E+14 6.68E+01 1.16E+00   22   0  1.29E-05 1.22E+01 9.53E-01
  66 3.29E+01 1.27E+05 1.55E+14 6.69E+01 1.16E+00   22   0  1.30E-05 1.22E+01 9.52E-01
  67 3.34E+01 1.26E+05 1.56E+14 6.71E+01 1.16E+00   22   0  1.32E-05 1.21E+01 9.51E-01
  68 3.39E+01 1.25E+05 1.56E+14 6.73E+01 1.17E+00   22   0  1.34E-05 1.21E+01 9.50E-01
  69 3.44E+01 1.25E+05 1.57E+14 6.74E+01 1.17E+00   22   0  1.35E-05 1.21E+01 9.49E-01
  70 3.49E+01 1.24E+05 1.57E+14 6.76E+01 1.17E+00   22   0  1.37E-05 1.21E+01 9.48E-01
  71 3.54E+01 1.24E+05 1.57E+14 6.78E+01 1.17E+00   22   0  1.39E-05 1.20E+01 9.47E-01
  72 3.59E+01 1.24E+05 1.57E+14 6.77E+01 1.17E+00   22   0  1.38E-05 1.21E+01 9.47E-01
  73 3.64E+01 1.23E+05 1.57E+14 6.78E+01 1.17E+00   22   0  1.40E-05 1.21E+01 9.45E-01
  74 3.69E+01 1.23E+05 1.58E+14 6.80E+01 1.18E+00   22   0  1.42E-05 1.20E+01 9.44E-01
  75 3.74E+01 1.22E+05 1.58E+14 6.81E+01 1.18E+00   22   0  1.43E-05 1.20E+01 9.43E-01
  76 3.79E+01 1.22E+05 1.59E+14 6.83E+01 1.18E+00   22   0  1.45E-05 1.20E+01 9.42E-01
  77 3.84E+01 1.21E+05 1.59E+14 6.85E+01 1.19E+00   22   0  1.47E-05 1.20E+01 9.41E-01
  78 3.89E+01 1.21E+05 1.59E+14 6.86E+01 1.19E+00   22   0  1.48E-05 1.20E+01 9.40E-01
  79 3.94E+01 1.20E+05 1.60E+14 6.87E+01 1.19E+00   22   0  1.50E-05 1.19E+01 9.39E-01
  80 3.99E+01 1.20E+05 1.60E+14 6.89E+01 1.19E+00   22   0  1.52E-05 1.19E+01 9.37E-01
  81 4.04E+01 1.19E+05 1.60E+14 6.90E+01 1.20E+00   22   0  1.53E-05 1.19E+01 9.36E-01
  82 4.09E+01 1.19E+05 1.61E+14 6.92E+01 1.20E+00   22   0  1.55E-05 1.19E+01 9.35E-01
  83 4.14E+01 1.18E+05 1.61E+14 6.93E+01 1.20E+00   22   0  1.57E-05 1.19E+01 9.34E-01
  84 4.19E+01 1.18E+05 1.61E+14 6.95E+01 1.20E+00   22   0  1.58E-05 1.18E+01 9.33E-01
  85 4.24E+01 1.17E+05 1.62E+14 6.96E+01 1.21E+00   22   0  1.60E-05 1.18E+01 9.32E-01
  86 4.29E+01 1.17E+05 1.62E+14 6.98E+01 1.21E+00   22   0  1.61E-05 1.18E+01 9.31E-01
  87 4.34E+01 1.16E+05 1.62E+14 6.99E+01 1.21E+00   22   0  1.63E-05 1.18E+01 9.30E-01
  88 4.40E+01 1.16E+05 1.63E+14 7.00E+01 1.21E+00   22   0  1.65E-05 1.18E+01 9.29E-01
  89 4.45E+01 1.15E+05 1.63E+14 7.02E+01 1.22E+00   22   0  1.66E-05 1.17E+01 9.28E-01
  90 4.50E+01 1.15E+05 1.63E+14 7.03E+01 1.22E+00   22   0  1.68E-05 1.17E+01 9.27E-01
  91 4.55E+01 1.14E+05 1.64E+14 7.04E+01 1.22E+00   22   0  1.70E-05 1.17E+01 9.26E-01
  92 4.60E+01 1.14E+05 1.64E+14 7.06E+01 1.22E+00   22   0  1.71E-05 1.17E+01 9.25E-01
  93 4.65E+01 1.14E+05 1.64E+14 7.07E+01 1.22E+00   22   0  1.73E-05 1.17E+01 9.24E-01
  94 4.70E+01 1.13E+05 1.64E+14 7.08E+01 1.23E+00   21   0  1.74E-05 1.16E+01 9.23E-01
  95 4.75E+01 1.13E+05 1.65E+14 7.10E+01 1.23E+00   21   0  1.76E-05 1.16E+01 9.22E-01
  96 4.80E+01 1.12E+05 1.65E+14 7.11E+01 1.23E+00   21   0  1.78E-05 1.16E+01 9.21E-01
  97 4.85E+01 1.12E+05 1.65E+14 7.12E+01 1.23E+00   21   0  1.79E-05 1.16E+01 9.20E-01
  98 4.90E+01 1.11E+05 1.66E+14 7.14E+01 1.24E+00   21   0  1.81E-05 1.16E+01 9.19E-01
  99 4.95E+01 1.11E+05 1.66E+14 7.15E+01 1.24E+00   21   0  1.82E-05 1.16E+01 9.18E-01
 100 5.00E+01 1.11E+05 1.66E+14 7.16E+01 1.24E+00   21   0  1.84E-05 1.15E+01 9.17E-01
 ======================================================================================
   (1) Optical depth at 5.5E-01 microns
   (2) Bolometric flux at the inner radius 
   (3) Inner radius for L=1E4 Lsun
   (4) Ratio of the inner to the stellar radius
   (5) Angular size (in arcsec) when Fbol=1E-6 W/m2
   (6) Dust temperature at the outer edge (in K)
   (7) Maximum error in flux conservation (%)
   (8) Mass-loss rate (in Msun/yr)
   (9) Terminal outflow velocity (in km/s)
   (10) Upper limit of the stellar mass (in Msun)
 =================================================
  Everything is OK for all models
  Spectra are in files *.s##
  Run-time messages are in files *.m##
 ========== THE END ==============================
