 ===========================
  Output from program Dusty 
  Version: 2.0
 ===========================
  
  INPUT parameters from file:
  astronomical_3000_800.inp                                             
  
* ----------------------------------------------------------------------
* NOTES:
* This is a simple version of an input file for calculation in
* planar geometry with single source illumination.
* ----------------------------------------------------------------------
  Stellar spectrum supplied from file:
  spectra_aringer/aringerO_3000_resampled.dat                           
  --------------------------------------------
  Abundances for supported grains:
  Sil-Ow Sil-Oc Sil-DL grf-DL amC-Hn SiC-Pg
  0.000  0.000  0.000  0.000  0.000  0.000
  Abundances for user supplied grains:
     1
  1.000
  User supplied n and k from:
  1) sil-dlee.nk                                                           
  MRN size distribution:
       Power q:  3.5
  Minimal size: 5.00E-03 microns
  Maximal size: 2.50E-01 microns
  --------------------------------------------
  Dust temperature on the inner boundary: 800  K
  --------------------------------------------
  Density for radiatively driven winds from
  full dynamic calculation.
  Relative thickness: 1.000E+04
  --------------------------------------------
  Optical depths at 5.5E-01 microns
  ranging from 1.00E-01 to 5.00E+01
  100 models with linear grid                
  Required accuracy: 5%
  --------------------------------------------
  
  ====================================================  
  For compliance with the point-source assumption, the
  following results should only be applied to sources 
  whose effective temperature exceeds 2115 K.
  ====================================================
          
  RESULTS:
  --------
 ###   tau0   F1(W/m2)  r1(cm)    r1/rc   theta1  Td(Y) err   Mdot      Ve       M> 
 ###     1        2        3        4        5      6    7      8        9       10 
 ======================================================================================
   1 1.00E-01 7.03E+04 2.08E+14 8.98E+01 1.56E+00   21   0  1.78E-07 6.51E+00 2.19E-01
   2 6.04E-01 6.70E+04 2.14E+14 9.20E+01 1.59E+00   21   0  7.27E-07 9.31E+00 4.77E-01
   3 1.11E+00 6.40E+04 2.19E+14 9.41E+01 1.63E+00   20   0  1.18E-06 1.02E+01 5.98E-01
   4 1.61E+00 6.13E+04 2.23E+14 9.62E+01 1.67E+00   20   0  1.62E-06 1.06E+01 6.80E-01
   5 2.12E+00 5.89E+04 2.28E+14 9.81E+01 1.70E+00   20   0  2.02E-06 1.08E+01 7.35E-01
   6 2.62E+00 5.69E+04 2.32E+14 9.99E+01 1.73E+00   20   0  2.40E-06 1.09E+01 7.77E-01
   7 3.12E+00 5.51E+04 2.36E+14 1.01E+02 1.76E+00   20   0  2.77E-06 1.09E+01 8.10E-01
   8 3.63E+00 5.35E+04 2.39E+14 1.03E+02 1.78E+00   20   0  3.13E-06 1.09E+01 8.36E-01
   9 4.13E+00 5.20E+04 2.42E+14 1.04E+02 1.81E+00   20   0  3.48E-06 1.09E+01 8.59E-01
  10 4.64E+00 5.07E+04 2.46E+14 1.06E+02 1.83E+00   20   0  3.82E-06 1.09E+01 8.77E-01
  11 5.14E+00 4.94E+04 2.49E+14 1.07E+02 1.86E+00   20   0  4.16E-06 1.09E+01 8.94E-01
  12 5.64E+00 4.82E+04 2.52E+14 1.08E+02 1.88E+00   19   0  4.49E-06 1.08E+01 9.08E-01
  13 6.15E+00 4.71E+04 2.55E+14 1.10E+02 1.90E+00   19   0  4.81E-06 1.08E+01 9.20E-01
  14 6.65E+00 4.61E+04 2.57E+14 1.11E+02 1.92E+00   19   0  5.14E-06 1.07E+01 9.31E-01
  15 7.16E+00 4.52E+04 2.60E+14 1.12E+02 1.94E+00   19   0  5.46E-06 1.07E+01 9.40E-01
  16 7.66E+00 4.43E+04 2.63E+14 1.13E+02 1.96E+00   19   0  5.77E-06 1.06E+01 9.49E-01
  17 8.16E+00 4.34E+04 2.65E+14 1.14E+02 1.98E+00   19   0  6.08E-06 1.05E+01 9.56E-01
  18 8.67E+00 4.26E+04 2.68E+14 1.15E+02 2.00E+00   19   0  6.39E-06 1.05E+01 9.63E-01
  19 9.17E+00 4.19E+04 2.70E+14 1.16E+02 2.02E+00   19   0  6.70E-06 1.04E+01 9.68E-01
  20 9.68E+00 4.11E+04 2.73E+14 1.17E+02 2.03E+00   19   0  7.00E-06 1.04E+01 9.74E-01
  21 1.02E+01 4.05E+04 2.75E+14 1.18E+02 2.05E+00   19   0  7.30E-06 1.03E+01 9.78E-01
  22 1.07E+01 3.98E+04 2.77E+14 1.19E+02 2.07E+00   19   0  7.60E-06 1.02E+01 9.82E-01
  23 1.12E+01 3.92E+04 2.79E+14 1.20E+02 2.08E+00   19   0  7.89E-06 1.02E+01 9.85E-01
  24 1.17E+01 3.86E+04 2.82E+14 1.21E+02 2.10E+00   19   0  8.18E-06 1.01E+01 9.88E-01
  25 1.22E+01 3.80E+04 2.84E+14 1.22E+02 2.12E+00   19   0  8.47E-06 1.00E+01 9.90E-01
  26 1.27E+01 3.75E+04 2.86E+14 1.23E+02 2.13E+00   19   0  8.75E-06 9.97E+00 9.93E-01
  27 1.32E+01 3.70E+04 2.88E+14 1.24E+02 2.15E+00   19   0  9.04E-06 9.90E+00 9.94E-01
  28 1.37E+01 3.65E+04 2.90E+14 1.25E+02 2.16E+00   19   0  9.32E-06 9.84E+00 9.96E-01
  29 1.42E+01 3.60E+04 2.92E+14 1.26E+02 2.18E+00   18   0  9.59E-06 9.78E+00 9.97E-01
  30 1.47E+01 3.55E+04 2.93E+14 1.26E+02 2.19E+00   18   0  9.87E-06 9.71E+00 9.98E-01
  31 1.52E+01 3.51E+04 2.95E+14 1.27E+02 2.20E+00   18   0  1.01E-05 9.65E+00 9.99E-01
  32 1.57E+01 3.46E+04 2.97E+14 1.28E+02 2.22E+00   18   0  1.04E-05 9.60E+00 1.00E+00
  33 1.62E+01 3.42E+04 2.99E+14 1.29E+02 2.23E+00   18   0  1.07E-05 9.56E+00 1.00E+00
  34 1.67E+01 3.38E+04 3.01E+14 1.30E+02 2.24E+00   18   0  1.10E-05 9.51E+00 1.00E+00
  35 1.72E+01 3.35E+04 3.02E+14 1.30E+02 2.26E+00   18   0  1.13E-05 9.47E+00 1.00E+00
  36 1.77E+01 3.33E+04 3.03E+14 1.30E+02 2.26E+00   18   0  1.14E-05 9.48E+00 1.01E+00
  37 1.82E+01 3.30E+04 3.05E+14 1.31E+02 2.27E+00   18   0  1.17E-05 9.44E+00 1.01E+00
  38 1.87E+01 3.26E+04 3.06E+14 1.32E+02 2.28E+00   18   0  1.20E-05 9.40E+00 1.01E+00
  39 1.93E+01 3.23E+04 3.08E+14 1.33E+02 2.30E+00   18   0  1.22E-05 9.36E+00 1.01E+00
  40 1.98E+01 3.20E+04 3.09E+14 1.33E+02 2.31E+00   18   0  1.25E-05 9.33E+00 1.01E+00
  41 2.03E+01 3.17E+04 3.11E+14 1.34E+02 2.32E+00   18   0  1.28E-05 9.29E+00 1.01E+00
  42 2.08E+01 3.13E+04 3.12E+14 1.35E+02 2.33E+00   18   0  1.31E-05 9.26E+00 1.01E+00
  43 2.13E+01 3.10E+04 3.14E+14 1.35E+02 2.34E+00   18   0  1.33E-05 9.23E+00 1.01E+00
  44 2.18E+01 3.05E+04 3.16E+14 1.36E+02 2.36E+00   18   0  1.37E-05 9.22E+00 1.00E+00
  45 2.23E+01 3.03E+04 3.18E+14 1.37E+02 2.37E+00   18   0  1.40E-05 9.19E+00 1.00E+00
  46 2.28E+01 3.00E+04 3.19E+14 1.38E+02 2.38E+00   18   0  1.43E-05 9.16E+00 1.00E+00
  47 2.33E+01 2.97E+04 3.21E+14 1.38E+02 2.39E+00   18   0  1.46E-05 9.13E+00 1.00E+00
  48 2.38E+01 2.95E+04 3.22E+14 1.39E+02 2.40E+00   18   0  1.48E-05 9.10E+00 1.00E+00
  49 2.43E+01 2.93E+04 3.23E+14 1.39E+02 2.41E+00   18   0  1.51E-05 9.04E+00 1.01E+00
  50 2.48E+01 2.90E+04 3.25E+14 1.40E+02 2.42E+00   18   0  1.54E-05 9.01E+00 1.00E+00
  51 2.53E+01 2.88E+04 3.26E+14 1.40E+02 2.43E+00   18   0  1.57E-05 8.99E+00 1.00E+00
  52 2.58E+01 2.86E+04 3.27E+14 1.41E+02 2.44E+00   18   0  1.59E-05 8.96E+00 1.00E+00
  53 2.63E+01 2.84E+04 3.28E+14 1.41E+02 2.45E+00   18   0  1.62E-05 8.93E+00 1.00E+00
  54 2.68E+01 2.81E+04 3.30E+14 1.42E+02 2.46E+00   17   0  1.65E-05 8.91E+00 1.00E+00
  55 2.73E+01 2.79E+04 3.31E+14 1.43E+02 2.47E+00   17   0  1.67E-05 8.88E+00 1.00E+00
  56 2.78E+01 2.77E+04 3.32E+14 1.43E+02 2.48E+00   17   0  1.70E-05 8.86E+00 1.00E+00
  57 2.83E+01 2.75E+04 3.33E+14 1.44E+02 2.49E+00   17   0  1.73E-05 8.83E+00 1.00E+00
  58 2.88E+01 2.73E+04 3.35E+14 1.44E+02 2.50E+00   17   0  1.75E-05 8.81E+00 1.00E+00
  59 2.93E+01 2.71E+04 3.36E+14 1.45E+02 2.50E+00   17   0  1.78E-05 8.79E+00 1.00E+00
  60 2.98E+01 2.69E+04 3.37E+14 1.45E+02 2.51E+00   17   0  1.81E-05 8.77E+00 9.99E-01
  61 3.03E+01 2.68E+04 3.38E+14 1.46E+02 2.52E+00   17   0  1.83E-05 8.74E+00 9.99E-01
  62 3.08E+01 2.66E+04 3.39E+14 1.46E+02 2.53E+00   17   0  1.86E-05 8.72E+00 9.98E-01
  63 3.14E+01 2.64E+04 3.40E+14 1.47E+02 2.54E+00   17   0  1.89E-05 8.70E+00 9.97E-01
  64 3.19E+01 2.62E+04 3.41E+14 1.47E+02 2.55E+00   17   0  1.91E-05 8.68E+00 9.97E-01
  65 3.24E+01 2.61E+04 3.43E+14 1.48E+02 2.56E+00   17   0  1.94E-05 8.66E+00 9.96E-01
  66 3.29E+01 2.59E+04 3.44E+14 1.48E+02 2.56E+00   17   0  1.97E-05 8.64E+00 9.95E-01
  67 3.34E+01 2.57E+04 3.45E+14 1.48E+02 2.57E+00   17   0  1.99E-05 8.62E+00 9.94E-01
  68 3.39E+01 2.56E+04 3.46E+14 1.49E+02 2.58E+00   17   0  2.02E-05 8.60E+00 9.93E-01
  69 3.44E+01 2.54E+04 3.47E+14 1.49E+02 2.59E+00   17   0  2.05E-05 8.59E+00 9.93E-01
  70 3.49E+01 2.53E+04 3.48E+14 1.50E+02 2.60E+00   17   0  2.07E-05 8.57E+00 9.92E-01
  71 3.54E+01 2.51E+04 3.49E+14 1.50E+02 2.60E+00   17   0  2.10E-05 8.55E+00 9.91E-01
  72 3.59E+01 2.52E+04 3.48E+14 1.50E+02 2.60E+00   17   0  2.09E-05 8.58E+00 9.92E-01
  73 3.64E+01 2.50E+04 3.49E+14 1.51E+02 2.61E+00   17   0  2.12E-05 8.56E+00 9.91E-01
  74 3.69E+01 2.49E+04 3.50E+14 1.51E+02 2.61E+00   17   0  2.15E-05 8.54E+00 9.90E-01
  75 3.74E+01 2.48E+04 3.51E+14 1.51E+02 2.62E+00   17   0  2.17E-05 8.52E+00 9.89E-01
  76 3.79E+01 2.46E+04 3.52E+14 1.52E+02 2.63E+00   17   0  2.20E-05 8.51E+00 9.88E-01
  77 3.84E+01 2.45E+04 3.53E+14 1.52E+02 2.64E+00   17   0  2.22E-05 8.49E+00 9.88E-01
  78 3.89E+01 2.44E+04 3.54E+14 1.53E+02 2.64E+00   17   0  2.25E-05 8.47E+00 9.87E-01
  79 3.94E+01 2.42E+04 3.55E+14 1.53E+02 2.65E+00   17   0  2.28E-05 8.46E+00 9.86E-01
  80 3.99E+01 2.41E+04 3.56E+14 1.53E+02 2.66E+00   17   0  2.30E-05 8.44E+00 9.85E-01
  81 4.04E+01 2.40E+04 3.57E+14 1.54E+02 2.66E+00   17   0  2.33E-05 8.42E+00 9.84E-01
  82 4.09E+01 2.39E+04 3.58E+14 1.54E+02 2.67E+00   17   0  2.35E-05 8.41E+00 9.83E-01
  83 4.14E+01 2.37E+04 3.59E+14 1.55E+02 2.68E+00   17   0  2.38E-05 8.39E+00 9.82E-01
  84 4.19E+01 2.36E+04 3.60E+14 1.55E+02 2.68E+00   17   0  2.40E-05 8.38E+00 9.81E-01
  85 4.24E+01 2.35E+04 3.61E+14 1.55E+02 2.69E+00   17   0  2.43E-05 8.36E+00 9.80E-01
  86 4.29E+01 2.34E+04 3.62E+14 1.56E+02 2.70E+00   17   0  2.45E-05 8.35E+00 9.79E-01
  87 4.34E+01 2.33E+04 3.63E+14 1.56E+02 2.70E+00   17   0  2.48E-05 8.33E+00 9.78E-01
  88 4.40E+01 2.32E+04 3.63E+14 1.57E+02 2.71E+00   17   0  2.50E-05 8.32E+00 9.77E-01
  89 4.45E+01 2.30E+04 3.64E+14 1.57E+02 2.72E+00   17   0  2.53E-05 8.30E+00 9.76E-01
  90 4.50E+01 2.29E+04 3.65E+14 1.57E+02 2.72E+00   17   0  2.56E-05 8.29E+00 9.75E-01
  91 4.55E+01 2.28E+04 3.66E+14 1.58E+02 2.73E+00   17   0  2.58E-05 8.28E+00 9.75E-01
  92 4.60E+01 2.27E+04 3.67E+14 1.58E+02 2.74E+00   17   0  2.61E-05 8.26E+00 9.74E-01
  93 4.65E+01 2.26E+04 3.68E+14 1.58E+02 2.74E+00   17   0  2.63E-05 8.25E+00 9.73E-01
  94 4.70E+01 2.25E+04 3.68E+14 1.59E+02 2.75E+00   17   0  2.66E-05 8.24E+00 9.72E-01
  95 4.75E+01 2.24E+04 3.69E+14 1.59E+02 2.76E+00   17   0  2.68E-05 8.22E+00 9.71E-01
  96 4.80E+01 2.23E+04 3.70E+14 1.59E+02 2.76E+00   17   0  2.71E-05 8.21E+00 9.70E-01
  97 4.85E+01 2.22E+04 3.71E+14 1.60E+02 2.77E+00   17   0  2.73E-05 8.20E+00 9.69E-01
  98 4.90E+01 2.21E+04 3.72E+14 1.60E+02 2.77E+00   17   0  2.76E-05 8.19E+00 9.68E-01
  99 4.95E+01 2.20E+04 3.73E+14 1.60E+02 2.78E+00   16   0  2.78E-05 8.17E+00 9.67E-01
 100 5.00E+01 2.19E+04 3.73E+14 1.61E+02 2.79E+00   16   0  2.81E-05 8.16E+00 9.66E-01
 ======================================================================================
   (1) Optical depth at 5.5E-01 microns
   (2) Bolometric flux at the inner radius 
   (3) Inner radius for L=1E4 Lsun
   (4) Ratio of the inner to the stellar radius
   (5) Angular size (in arcsec) when Fbol=1E-6 W/m2
   (6) Dust temperature at the outer edge (in K)
   (7) Maximum error in flux conservation (%)
   (8) Mass-loss rate (in Msun/yr)
   (9) Terminal outflow velocity (in km/s)
   (10) Upper limit of the stellar mass (in Msun)
 =================================================
  Everything is OK for all models
  Spectra are in files *.s##
  Run-time messages are in files *.m##
 ========== THE END ==============================
