 ===========================
  Output from program Dusty 
  Version: 2.0
 ===========================
  
  INPUT parameters from file:
  astronomical_3000_600.inp                                             
  
* ----------------------------------------------------------------------
* NOTES:
* This is a simple version of an input file for calculation in
* planar geometry with single source illumination.
* ----------------------------------------------------------------------
  Stellar spectrum supplied from file:
  spectra_aringer/aringerO_3000_resampled.dat                           
  --------------------------------------------
  Abundances for supported grains:
  Sil-Ow Sil-Oc Sil-DL grf-DL amC-Hn SiC-Pg
  0.000  0.000  0.000  0.000  0.000  0.000
  Abundances for user supplied grains:
     1
  1.000
  User supplied n and k from:
  1) sil-dlee.nk                                                           
  MRN size distribution:
       Power q:  3.5
  Minimal size: 5.00E-03 microns
  Maximal size: 2.50E-01 microns
  --------------------------------------------
  Dust temperature on the inner boundary: 600  K
  --------------------------------------------
  Density for radiatively driven winds from
  full dynamic calculation.
  Relative thickness: 1.000E+04
  --------------------------------------------
  Optical depths at 5.5E-01 microns
  ranging from 1.00E-01 to 5.00E+01
  100 models with linear grid                
  Required accuracy: 5%
  --------------------------------------------
  
  ====================================================  
  For compliance with the point-source assumption, the
  following results should only be applied to sources 
  whose effective temperature exceeds 1692 K.
  ====================================================
          
  RESULTS:
  --------
 ###   tau0   F1(W/m2)  r1(cm)    r1/rc   theta1  Td(Y) err   Mdot      Ve       M> 
 ###     1        2        3        4        5      6    7      8        9       10 
 ======================================================================================
   1 1.00E-01 2.88E+04 3.26E+14 1.40E+02 2.43E+00   18   0  2.23E-07 5.20E+00 2.19E-01
   2 6.04E-01 2.73E+04 3.35E+14 1.44E+02 2.50E+00   18   0  9.11E-07 7.44E+00 4.77E-01
   3 1.11E+00 2.60E+04 3.43E+14 1.48E+02 2.56E+00   18   0  1.48E-06 8.12E+00 5.99E-01
   4 1.61E+00 2.48E+04 3.51E+14 1.51E+02 2.62E+00   17   0  2.04E-06 8.48E+00 6.82E-01
   5 2.12E+00 2.38E+04 3.58E+14 1.54E+02 2.67E+00   17   0  2.54E-06 8.64E+00 7.39E-01
   6 2.62E+00 2.29E+04 3.65E+14 1.57E+02 2.73E+00   17   0  3.02E-06 8.72E+00 7.82E-01
   7 3.12E+00 2.21E+04 3.72E+14 1.60E+02 2.77E+00   17   0  3.49E-06 8.75E+00 8.16E-01
   8 3.63E+00 2.14E+04 3.78E+14 1.63E+02 2.82E+00   17   0  3.95E-06 8.76E+00 8.43E-01
   9 4.13E+00 2.08E+04 3.84E+14 1.65E+02 2.86E+00   17   0  4.40E-06 8.75E+00 8.67E-01
  10 4.64E+00 2.02E+04 3.89E+14 1.68E+02 2.91E+00   17   0  4.84E-06 8.73E+00 8.87E-01
  11 5.14E+00 1.96E+04 3.95E+14 1.70E+02 2.95E+00   17   0  5.27E-06 8.70E+00 9.05E-01
  12 5.64E+00 1.91E+04 4.00E+14 1.72E+02 2.99E+00   17   0  5.70E-06 8.67E+00 9.20E-01
  13 6.15E+00 1.86E+04 4.05E+14 1.75E+02 3.02E+00   17   0  6.13E-06 8.63E+00 9.34E-01
  14 6.65E+00 1.82E+04 4.10E+14 1.77E+02 3.06E+00   17   0  6.55E-06 8.59E+00 9.46E-01
  15 7.16E+00 1.77E+04 4.15E+14 1.79E+02 3.10E+00   17   0  6.96E-06 8.55E+00 9.57E-01
  16 7.66E+00 1.73E+04 4.20E+14 1.81E+02 3.13E+00   16   0  7.38E-06 8.51E+00 9.67E-01
  17 8.16E+00 1.69E+04 4.25E+14 1.83E+02 3.17E+00   16   0  7.79E-06 8.47E+00 9.76E-01
  18 8.67E+00 1.66E+04 4.29E+14 1.85E+02 3.20E+00   16   0  8.19E-06 8.42E+00 9.84E-01
  19 9.17E+00 1.62E+04 4.34E+14 1.87E+02 3.24E+00   16   0  8.60E-06 8.38E+00 9.91E-01
  20 9.68E+00 1.59E+04 4.38E+14 1.89E+02 3.27E+00   16   0  9.00E-06 8.33E+00 9.97E-01
  21 1.02E+01 1.56E+04 4.43E+14 1.91E+02 3.30E+00   16   0  9.40E-06 8.28E+00 1.00E+00
  22 1.07E+01 1.53E+04 4.47E+14 1.92E+02 3.33E+00   16   0  9.79E-06 8.23E+00 1.01E+00
  23 1.12E+01 1.50E+04 4.51E+14 1.94E+02 3.36E+00   16   0  1.02E-05 8.18E+00 1.01E+00
  24 1.17E+01 1.48E+04 4.55E+14 1.96E+02 3.39E+00   16   0  1.06E-05 8.14E+00 1.02E+00
  25 1.22E+01 1.45E+04 4.59E+14 1.98E+02 3.42E+00   16   0  1.10E-05 8.09E+00 1.02E+00
  26 1.27E+01 1.43E+04 4.63E+14 1.99E+02 3.45E+00   16   0  1.14E-05 8.04E+00 1.02E+00
  27 1.32E+01 1.40E+04 4.67E+14 2.01E+02 3.48E+00   16   0  1.17E-05 7.99E+00 1.03E+00
  28 1.37E+01 1.38E+04 4.71E+14 2.03E+02 3.51E+00   16   0  1.21E-05 7.94E+00 1.03E+00
  29 1.42E+01 1.36E+04 4.74E+14 2.04E+02 3.54E+00   16   0  1.25E-05 7.89E+00 1.03E+00
  30 1.47E+01 1.34E+04 4.78E+14 2.06E+02 3.57E+00   16   0  1.29E-05 7.85E+00 1.04E+00
  31 1.52E+01 1.32E+04 4.81E+14 2.07E+02 3.59E+00   16   0  1.32E-05 7.80E+00 1.04E+00
  32 1.57E+01 1.30E+04 4.85E+14 2.09E+02 3.62E+00   16   0  1.36E-05 7.75E+00 1.04E+00
  33 1.62E+01 1.28E+04 4.88E+14 2.10E+02 3.64E+00   16   0  1.40E-05 7.71E+00 1.04E+00
  34 1.67E+01 1.26E+04 4.92E+14 2.12E+02 3.67E+00   16   0  1.44E-05 7.68E+00 1.04E+00
  35 1.72E+01 1.25E+04 4.95E+14 2.13E+02 3.70E+00   15   0  1.48E-05 7.64E+00 1.04E+00
  36 1.77E+01 1.24E+04 4.96E+14 2.14E+02 3.70E+00   15   0  1.49E-05 7.65E+00 1.05E+00
  37 1.82E+01 1.23E+04 5.00E+14 2.15E+02 3.73E+00   15   0  1.53E-05 7.61E+00 1.05E+00
  38 1.87E+01 1.21E+04 5.03E+14 2.17E+02 3.75E+00   15   0  1.57E-05 7.58E+00 1.05E+00
  39 1.93E+01 1.19E+04 5.06E+14 2.18E+02 3.78E+00   15   0  1.61E-05 7.55E+00 1.05E+00
  40 1.98E+01 1.18E+04 5.09E+14 2.19E+02 3.80E+00   15   0  1.64E-05 7.51E+00 1.05E+00
  41 2.03E+01 1.17E+04 5.12E+14 2.21E+02 3.82E+00   15   0  1.68E-05 7.48E+00 1.05E+00
  42 2.08E+01 1.15E+04 5.15E+14 2.22E+02 3.84E+00   15   0  1.72E-05 7.45E+00 1.06E+00
  43 2.13E+01 1.14E+04 5.18E+14 2.23E+02 3.87E+00   15   0  1.76E-05 7.43E+00 1.06E+00
  44 2.18E+01 1.12E+04 5.24E+14 2.26E+02 3.91E+00   15   0  1.81E-05 7.42E+00 1.05E+00
  45 2.23E+01 1.10E+04 5.27E+14 2.27E+02 3.93E+00   15   0  1.85E-05 7.39E+00 1.05E+00
  46 2.28E+01 1.09E+04 5.29E+14 2.28E+02 3.95E+00   15   0  1.89E-05 7.36E+00 1.06E+00
  47 2.33E+01 1.08E+04 5.32E+14 2.29E+02 3.97E+00   15   0  1.93E-05 7.33E+00 1.06E+00
  48 2.38E+01 1.07E+04 5.35E+14 2.31E+02 3.99E+00   15   0  1.96E-05 7.31E+00 1.06E+00
  49 2.43E+01 1.06E+04 5.38E+14 2.32E+02 4.01E+00   15   0  2.00E-05 7.28E+00 1.06E+00
  50 2.48E+01 1.05E+04 5.41E+14 2.33E+02 4.03E+00   15   0  2.04E-05 7.26E+00 1.06E+00
  51 2.53E+01 1.04E+04 5.43E+14 2.34E+02 4.05E+00   15   0  2.08E-05 7.24E+00 1.06E+00
  52 2.58E+01 1.03E+04 5.46E+14 2.35E+02 4.07E+00   15   0  2.11E-05 7.21E+00 1.06E+00
  53 2.63E+01 1.02E+04 5.49E+14 2.36E+02 4.09E+00   15   0  2.15E-05 7.19E+00 1.06E+00
  54 2.68E+01 1.01E+04 5.51E+14 2.37E+02 4.11E+00   15   0  2.19E-05 7.16E+00 1.06E+00
  55 2.73E+01 9.97E+03 5.54E+14 2.39E+02 4.13E+00   15   0  2.22E-05 7.14E+00 1.06E+00
  56 2.78E+01 9.88E+03 5.56E+14 2.40E+02 4.15E+00   15   0  2.26E-05 7.12E+00 1.06E+00
  57 2.83E+01 9.81E+03 5.58E+14 2.41E+02 4.17E+00   15   0  2.30E-05 7.07E+00 1.06E+00
  58 2.88E+01 9.72E+03 5.61E+14 2.42E+02 4.18E+00   15   0  2.34E-05 7.05E+00 1.06E+00
  59 2.93E+01 9.64E+03 5.63E+14 2.43E+02 4.20E+00   15   0  2.37E-05 7.03E+00 1.06E+00
  60 2.98E+01 9.55E+03 5.66E+14 2.44E+02 4.22E+00   15   0  2.41E-05 7.01E+00 1.06E+00
  61 3.03E+01 9.47E+03 5.68E+14 2.45E+02 4.24E+00   15   0  2.45E-05 6.99E+00 1.06E+00
  62 3.08E+01 9.39E+03 5.71E+14 2.46E+02 4.26E+00   15   0  2.49E-05 6.97E+00 1.06E+00
  63 3.14E+01 9.32E+03 5.73E+14 2.47E+02 4.27E+00   15   0  2.52E-05 6.95E+00 1.06E+00
  64 3.19E+01 9.24E+03 5.75E+14 2.48E+02 4.29E+00   15   0  2.56E-05 6.94E+00 1.06E+00
  65 3.24E+01 9.17E+03 5.78E+14 2.49E+02 4.31E+00   14   0  2.60E-05 6.92E+00 1.06E+00
  66 3.29E+01 9.09E+03 5.80E+14 2.50E+02 4.33E+00   14   0  2.63E-05 6.90E+00 1.06E+00
  67 3.34E+01 9.02E+03 5.82E+14 2.51E+02 4.34E+00   14   0  2.67E-05 6.88E+00 1.06E+00
  68 3.39E+01 8.95E+03 5.84E+14 2.52E+02 4.36E+00   14   0  2.71E-05 6.87E+00 1.06E+00
  69 3.44E+01 8.89E+03 5.87E+14 2.53E+02 4.38E+00   14   0  2.75E-05 6.85E+00 1.06E+00
  70 3.49E+01 8.82E+03 5.89E+14 2.54E+02 4.39E+00   14   0  2.78E-05 6.83E+00 1.06E+00
  71 3.54E+01 8.76E+03 5.91E+14 2.55E+02 4.41E+00   14   0  2.82E-05 6.82E+00 1.06E+00
  72 3.59E+01 8.78E+03 5.90E+14 2.54E+02 4.40E+00   14   0  2.81E-05 6.83E+00 1.06E+00
  73 3.64E+01 8.72E+03 5.92E+14 2.55E+02 4.42E+00   14   0  2.85E-05 6.82E+00 1.06E+00
  74 3.69E+01 8.65E+03 5.94E+14 2.56E+02 4.44E+00   14   0  2.89E-05 6.80E+00 1.06E+00
  75 3.74E+01 8.59E+03 5.97E+14 2.57E+02 4.45E+00   14   0  2.92E-05 6.79E+00 1.06E+00
  76 3.79E+01 8.53E+03 5.99E+14 2.58E+02 4.47E+00   14   0  2.96E-05 6.77E+00 1.06E+00
  77 3.84E+01 8.47E+03 6.01E+14 2.59E+02 4.48E+00   14   0  3.00E-05 6.75E+00 1.06E+00
  78 3.89E+01 8.42E+03 6.03E+14 2.60E+02 4.50E+00   14   0  3.03E-05 6.74E+00 1.06E+00
  79 3.94E+01 8.36E+03 6.05E+14 2.61E+02 4.51E+00   14   0  3.07E-05 6.72E+00 1.06E+00
  80 3.99E+01 8.30E+03 6.07E+14 2.61E+02 4.53E+00   14   0  3.10E-05 6.71E+00 1.06E+00
  81 4.04E+01 8.25E+03 6.09E+14 2.62E+02 4.54E+00   14   0  3.14E-05 6.69E+00 1.06E+00
  82 4.09E+01 8.20E+03 6.11E+14 2.63E+02 4.56E+00   14   0  3.18E-05 6.68E+00 1.06E+00
  83 4.14E+01 8.14E+03 6.13E+14 2.64E+02 4.57E+00   14   0  3.21E-05 6.67E+00 1.05E+00
  84 4.19E+01 8.09E+03 6.15E+14 2.65E+02 4.59E+00   14   0  3.25E-05 6.65E+00 1.05E+00
  85 4.24E+01 8.04E+03 6.17E+14 2.66E+02 4.60E+00   14   0  3.28E-05 6.64E+00 1.05E+00
  86 4.29E+01 7.99E+03 6.19E+14 2.66E+02 4.62E+00   14   0  3.32E-05 6.62E+00 1.05E+00
  87 4.34E+01 7.94E+03 6.20E+14 2.67E+02 4.63E+00   14   0  3.36E-05 6.61E+00 1.05E+00
  88 4.40E+01 7.90E+03 6.22E+14 2.68E+02 4.64E+00   14   0  3.39E-05 6.60E+00 1.05E+00
  89 4.45E+01 7.85E+03 6.24E+14 2.69E+02 4.66E+00   14   0  3.43E-05 6.58E+00 1.05E+00
  90 4.50E+01 7.80E+03 6.26E+14 2.70E+02 4.67E+00   14   0  3.46E-05 6.57E+00 1.05E+00
  91 4.55E+01 7.76E+03 6.28E+14 2.70E+02 4.68E+00   14   0  3.50E-05 6.56E+00 1.05E+00
  92 4.60E+01 7.71E+03 6.30E+14 2.71E+02 4.70E+00   14   0  3.54E-05 6.55E+00 1.05E+00
  93 4.65E+01 7.67E+03 6.32E+14 2.72E+02 4.71E+00   14   0  3.57E-05 6.54E+00 1.05E+00
  94 4.70E+01 7.62E+03 6.33E+14 2.73E+02 4.73E+00   14   0  3.61E-05 6.52E+00 1.05E+00
  95 4.75E+01 7.58E+03 6.35E+14 2.74E+02 4.74E+00   14   0  3.64E-05 6.51E+00 1.05E+00
  96 4.80E+01 7.54E+03 6.37E+14 2.74E+02 4.75E+00   14   0  3.68E-05 6.50E+00 1.05E+00
  97 4.85E+01 7.50E+03 6.39E+14 2.75E+02 4.77E+00   14   0  3.72E-05 6.49E+00 1.05E+00
  98 4.90E+01 7.46E+03 6.40E+14 2.76E+02 4.78E+00   14   0  3.75E-05 6.48E+00 1.05E+00
  99 4.95E+01 7.42E+03 6.42E+14 2.77E+02 4.79E+00   14   0  3.79E-05 6.47E+00 1.05E+00
 100 5.00E+01 7.38E+03 6.44E+14 2.77E+02 4.80E+00   14   0  3.82E-05 6.46E+00 1.04E+00
 ======================================================================================
   (1) Optical depth at 5.5E-01 microns
   (2) Bolometric flux at the inner radius 
   (3) Inner radius for L=1E4 Lsun
   (4) Ratio of the inner to the stellar radius
   (5) Angular size (in arcsec) when Fbol=1E-6 W/m2
   (6) Dust temperature at the outer edge (in K)
   (7) Maximum error in flux conservation (%)
   (8) Mass-loss rate (in Msun/yr)
   (9) Terminal outflow velocity (in km/s)
   (10) Upper limit of the stellar mass (in Msun)
 =================================================
  Everything is OK for all models
  Spectra are in files *.s##
  Run-time messages are in files *.m##
 ========== THE END ==============================
