 ===========================
  Output from program Dusty 
  Version: 2.0
 ===========================
  
  INPUT parameters from file:
  astronomical_3400_600.inp                                             
  
* ----------------------------------------------------------------------
* NOTES:
* This is a simple version of an input file for calculation in
* planar geometry with single source illumination.
* ----------------------------------------------------------------------
  Stellar spectrum supplied from file:
  spectra_aringer/aringerO_3400_resampled.dat                           
  --------------------------------------------
  Abundances for supported grains:
  Sil-Ow Sil-Oc Sil-DL grf-DL amC-Hn SiC-Pg
  0.000  0.000  0.000  0.000  0.000  0.000
  Abundances for user supplied grains:
     1
  1.000
  User supplied n and k from:
  1) sil-dlee.nk                                                           
  MRN size distribution:
       Power q:  3.5
  Minimal size: 5.00E-03 microns
  Maximal size: 2.50E-01 microns
  --------------------------------------------
  Dust temperature on the inner boundary: 600  K
  --------------------------------------------
  Density for radiatively driven winds from
  full dynamic calculation.
  Relative thickness: 1.000E+04
  --------------------------------------------
  Optical depths at 5.5E-01 microns
  ranging from 1.00E-01 to 5.00E+01
  100 models with linear grid                
  Required accuracy: 5%
  --------------------------------------------
  
  ====================================================  
  For compliance with the point-source assumption, the
  following results should only be applied to sources 
  whose effective temperature exceeds 1676 K.
  ====================================================
          
  RESULTS:
  --------
 ###   tau0   F1(W/m2)  r1(cm)    r1/rc   theta1  Td(Y) err   Mdot      Ve       M> 
 ###     1        2        3        4        5      6    7      8        9       10 
 ======================================================================================
   1 1.00E-01 2.77E+04 3.32E+14 1.43E+02 2.48E+00   18   0  2.54E-07 5.81E+00 2.78E-01
   2 6.04E-01 2.60E+04 3.43E+14 1.48E+02 2.56E+00   18   0  1.04E-06 8.27E+00 6.06E-01
   3 1.11E+00 2.46E+04 3.53E+14 1.52E+02 2.63E+00   18   0  1.69E-06 8.99E+00 7.59E-01
   4 1.61E+00 2.32E+04 3.63E+14 1.56E+02 2.71E+00   17   0  2.33E-06 9.34E+00 8.62E-01
   5 2.12E+00 2.20E+04 3.72E+14 1.60E+02 2.78E+00   17   0  2.90E-06 9.47E+00 9.30E-01
   6 2.62E+00 2.11E+04 3.81E+14 1.64E+02 2.84E+00   17   0  3.46E-06 9.49E+00 9.80E-01
   7 3.12E+00 2.02E+04 3.89E+14 1.68E+02 2.90E+00   17   0  3.99E-06 9.46E+00 1.02E+00
   8 3.63E+00 1.94E+04 3.97E+14 1.71E+02 2.96E+00   17   0  4.50E-06 9.40E+00 1.05E+00
   9 4.13E+00 1.87E+04 4.04E+14 1.74E+02 3.01E+00   17   0  5.00E-06 9.32E+00 1.07E+00
  10 4.64E+00 1.81E+04 4.11E+14 1.77E+02 3.06E+00   17   0  5.49E-06 9.23E+00 1.08E+00
  11 5.14E+00 1.76E+04 4.17E+14 1.80E+02 3.11E+00   17   0  5.97E-06 9.13E+00 1.10E+00
  12 5.64E+00 1.71E+04 4.23E+14 1.82E+02 3.16E+00   17   0  6.43E-06 9.03E+00 1.11E+00
  13 6.15E+00 1.66E+04 4.29E+14 1.85E+02 3.20E+00   16   0  6.89E-06 8.93E+00 1.12E+00
  14 6.65E+00 1.62E+04 4.35E+14 1.87E+02 3.25E+00   16   0  7.34E-06 8.83E+00 1.13E+00
  15 7.16E+00 1.57E+04 4.41E+14 1.90E+02 3.29E+00   16   0  7.78E-06 8.73E+00 1.13E+00
  16 7.66E+00 1.54E+04 4.46E+14 1.92E+02 3.33E+00   16   0  8.22E-06 8.63E+00 1.14E+00
  17 8.16E+00 1.50E+04 4.51E+14 1.94E+02 3.37E+00   16   0  8.65E-06 8.54E+00 1.14E+00
  18 8.67E+00 1.47E+04 4.56E+14 1.97E+02 3.40E+00   16   0  9.08E-06 8.45E+00 1.14E+00
  19 9.17E+00 1.44E+04 4.61E+14 1.99E+02 3.44E+00   16   0  9.50E-06 8.36E+00 1.14E+00
  20 9.68E+00 1.41E+04 4.66E+14 2.01E+02 3.48E+00   16   0  9.91E-06 8.27E+00 1.15E+00
  21 1.02E+01 1.38E+04 4.70E+14 2.03E+02 3.51E+00   16   0  1.03E-05 8.18E+00 1.15E+00
  22 1.07E+01 1.36E+04 4.75E+14 2.05E+02 3.54E+00   16   0  1.07E-05 8.10E+00 1.15E+00
  23 1.12E+01 1.33E+04 4.79E+14 2.06E+02 3.58E+00   16   0  1.11E-05 8.02E+00 1.15E+00
  24 1.17E+01 1.31E+04 4.84E+14 2.08E+02 3.61E+00   16   0  1.15E-05 7.94E+00 1.15E+00
  25 1.22E+01 1.29E+04 4.88E+14 2.10E+02 3.64E+00   16   0  1.19E-05 7.86E+00 1.15E+00
  26 1.27E+01 1.26E+04 4.92E+14 2.12E+02 3.67E+00   16   0  1.23E-05 7.78E+00 1.15E+00
  27 1.32E+01 1.24E+04 4.96E+14 2.14E+02 3.70E+00   16   0  1.27E-05 7.71E+00 1.15E+00
  28 1.37E+01 1.22E+04 5.00E+14 2.15E+02 3.73E+00   16   0  1.31E-05 7.64E+00 1.15E+00
  29 1.42E+01 1.21E+04 5.04E+14 2.17E+02 3.76E+00   15   0  1.34E-05 7.57E+00 1.14E+00
  30 1.47E+01 1.19E+04 5.07E+14 2.19E+02 3.79E+00   15   0  1.39E-05 7.53E+00 1.15E+00
  31 1.52E+01 1.17E+04 5.11E+14 2.20E+02 3.81E+00   15   0  1.43E-05 7.49E+00 1.15E+00
  32 1.57E+01 1.15E+04 5.15E+14 2.22E+02 3.84E+00   15   0  1.47E-05 7.46E+00 1.15E+00
  33 1.62E+01 1.14E+04 5.18E+14 2.23E+02 3.87E+00   15   0  1.51E-05 7.42E+00 1.15E+00
  34 1.67E+01 1.12E+04 5.22E+14 2.25E+02 3.89E+00   15   0  1.55E-05 7.39E+00 1.15E+00
  35 1.72E+01 1.11E+04 5.25E+14 2.26E+02 3.92E+00   15   0  1.59E-05 7.35E+00 1.15E+00
  36 1.77E+01 1.10E+04 5.26E+14 2.27E+02 3.93E+00   15   0  1.61E-05 7.35E+00 1.15E+00
  37 1.82E+01 1.09E+04 5.30E+14 2.28E+02 3.95E+00   15   0  1.65E-05 7.32E+00 1.15E+00
  38 1.87E+01 1.08E+04 5.33E+14 2.30E+02 3.98E+00   15   0  1.69E-05 7.29E+00 1.15E+00
  39 1.93E+01 1.06E+04 5.36E+14 2.31E+02 4.00E+00   15   0  1.73E-05 7.27E+00 1.15E+00
  40 1.98E+01 1.05E+04 5.39E+14 2.32E+02 4.02E+00   15   0  1.77E-05 7.24E+00 1.15E+00
  41 2.03E+01 1.04E+04 5.42E+14 2.34E+02 4.05E+00   15   0  1.81E-05 7.21E+00 1.15E+00
  42 2.08E+01 1.03E+04 5.45E+14 2.35E+02 4.07E+00   15   0  1.85E-05 7.18E+00 1.15E+00
  43 2.13E+01 1.02E+04 5.48E+14 2.36E+02 4.09E+00   15   0  1.89E-05 7.16E+00 1.15E+00
  44 2.18E+01 9.99E+03 5.53E+14 2.38E+02 4.13E+00   15   0  1.95E-05 7.13E+00 1.14E+00
  45 2.23E+01 9.88E+03 5.56E+14 2.40E+02 4.15E+00   15   0  1.99E-05 7.11E+00 1.14E+00
  46 2.28E+01 9.78E+03 5.59E+14 2.41E+02 4.17E+00   15   0  2.03E-05 7.09E+00 1.14E+00
  47 2.33E+01 9.68E+03 5.62E+14 2.42E+02 4.19E+00   15   0  2.06E-05 7.06E+00 1.14E+00
  48 2.38E+01 9.59E+03 5.65E+14 2.43E+02 4.21E+00   15   0  2.10E-05 7.04E+00 1.14E+00
  49 2.43E+01 9.49E+03 5.68E+14 2.45E+02 4.24E+00   15   0  2.14E-05 7.02E+00 1.14E+00
  50 2.48E+01 9.40E+03 5.70E+14 2.46E+02 4.26E+00   15   0  2.18E-05 7.00E+00 1.14E+00
  51 2.53E+01 9.31E+03 5.73E+14 2.47E+02 4.28E+00   15   0  2.22E-05 6.97E+00 1.14E+00
  52 2.58E+01 9.22E+03 5.76E+14 2.48E+02 4.30E+00   15   0  2.26E-05 6.95E+00 1.14E+00
  53 2.63E+01 9.14E+03 5.78E+14 2.49E+02 4.32E+00   15   0  2.30E-05 6.93E+00 1.14E+00
  54 2.68E+01 9.06E+03 5.81E+14 2.50E+02 4.34E+00   15   0  2.34E-05 6.91E+00 1.14E+00
  55 2.73E+01 8.98E+03 5.84E+14 2.51E+02 4.35E+00   15   0  2.38E-05 6.89E+00 1.14E+00
  56 2.78E+01 8.90E+03 5.86E+14 2.53E+02 4.37E+00   14   0  2.42E-05 6.87E+00 1.14E+00
  57 2.83E+01 8.82E+03 5.89E+14 2.54E+02 4.39E+00   14   0  2.46E-05 6.85E+00 1.14E+00
  58 2.88E+01 8.75E+03 5.91E+14 2.55E+02 4.41E+00   14   0  2.50E-05 6.83E+00 1.14E+00
  59 2.93E+01 8.67E+03 5.94E+14 2.56E+02 4.43E+00   14   0  2.54E-05 6.81E+00 1.13E+00
  60 2.98E+01 8.60E+03 5.96E+14 2.57E+02 4.45E+00   14   0  2.57E-05 6.80E+00 1.13E+00
  61 3.03E+01 8.53E+03 5.99E+14 2.58E+02 4.47E+00   14   0  2.61E-05 6.78E+00 1.13E+00
  62 3.08E+01 8.47E+03 6.01E+14 2.59E+02 4.48E+00   14   0  2.65E-05 6.76E+00 1.13E+00
  63 3.14E+01 8.40E+03 6.03E+14 2.60E+02 4.50E+00   14   0  2.69E-05 6.74E+00 1.13E+00
  64 3.19E+01 8.34E+03 6.06E+14 2.61E+02 4.52E+00   14   0  2.73E-05 6.73E+00 1.13E+00
  65 3.24E+01 8.27E+03 6.08E+14 2.62E+02 4.54E+00   14   0  2.77E-05 6.71E+00 1.13E+00
  66 3.29E+01 8.21E+03 6.10E+14 2.63E+02 4.55E+00   14   0  2.81E-05 6.69E+00 1.13E+00
  67 3.34E+01 8.15E+03 6.13E+14 2.64E+02 4.57E+00   14   0  2.84E-05 6.68E+00 1.13E+00
  68 3.39E+01 8.09E+03 6.15E+14 2.65E+02 4.59E+00   14   0  2.88E-05 6.66E+00 1.13E+00
  69 3.44E+01 8.03E+03 6.17E+14 2.66E+02 4.60E+00   14   0  2.92E-05 6.64E+00 1.13E+00
  70 3.49E+01 7.98E+03 6.19E+14 2.67E+02 4.62E+00   14   0  2.96E-05 6.63E+00 1.12E+00
  71 3.54E+01 7.92E+03 6.21E+14 2.68E+02 4.64E+00   14   0  3.00E-05 6.61E+00 1.12E+00
  72 3.59E+01 7.94E+03 6.21E+14 2.67E+02 4.63E+00   14   0  2.99E-05 6.63E+00 1.13E+00
  73 3.64E+01 7.89E+03 6.23E+14 2.68E+02 4.65E+00   14   0  3.03E-05 6.61E+00 1.12E+00
  74 3.69E+01 7.83E+03 6.25E+14 2.69E+02 4.66E+00   14   0  3.07E-05 6.60E+00 1.12E+00
  75 3.74E+01 7.78E+03 6.27E+14 2.70E+02 4.68E+00   14   0  3.11E-05 6.58E+00 1.12E+00
  76 3.79E+01 7.73E+03 6.29E+14 2.71E+02 4.69E+00   14   0  3.14E-05 6.57E+00 1.12E+00
  77 3.84E+01 7.68E+03 6.31E+14 2.72E+02 4.71E+00   14   0  3.18E-05 6.56E+00 1.12E+00
  78 3.89E+01 7.63E+03 6.33E+14 2.73E+02 4.72E+00   14   0  3.22E-05 6.54E+00 1.12E+00
  79 3.94E+01 7.58E+03 6.35E+14 2.74E+02 4.74E+00   14   0  3.26E-05 6.53E+00 1.12E+00
  80 3.99E+01 7.53E+03 6.37E+14 2.74E+02 4.75E+00   14   0  3.29E-05 6.51E+00 1.12E+00
  81 4.04E+01 7.49E+03 6.39E+14 2.75E+02 4.77E+00   14   0  3.33E-05 6.50E+00 1.12E+00
  82 4.09E+01 7.44E+03 6.41E+14 2.76E+02 4.78E+00   14   0  3.37E-05 6.49E+00 1.12E+00
  83 4.14E+01 7.40E+03 6.43E+14 2.77E+02 4.80E+00   14   0  3.41E-05 6.47E+00 1.11E+00
  84 4.19E+01 7.35E+03 6.45E+14 2.78E+02 4.81E+00   14   0  3.44E-05 6.46E+00 1.11E+00
  85 4.24E+01 7.31E+03 6.47E+14 2.79E+02 4.83E+00   14   0  3.48E-05 6.45E+00 1.11E+00
  86 4.29E+01 7.26E+03 6.49E+14 2.79E+02 4.84E+00   14   0  3.52E-05 6.44E+00 1.11E+00
  87 4.34E+01 7.22E+03 6.51E+14 2.80E+02 4.85E+00   14   0  3.56E-05 6.42E+00 1.11E+00
  88 4.40E+01 7.18E+03 6.53E+14 2.81E+02 4.87E+00   14   0  3.59E-05 6.41E+00 1.11E+00
  89 4.45E+01 7.14E+03 6.54E+14 2.82E+02 4.88E+00   14   0  3.63E-05 6.40E+00 1.11E+00
  90 4.50E+01 7.10E+03 6.56E+14 2.83E+02 4.90E+00   14   0  3.67E-05 6.39E+00 1.11E+00
  91 4.55E+01 7.06E+03 6.58E+14 2.84E+02 4.91E+00   14   0  3.70E-05 6.38E+00 1.11E+00
  92 4.60E+01 7.02E+03 6.60E+14 2.84E+02 4.92E+00   14   0  3.74E-05 6.36E+00 1.10E+00
  93 4.65E+01 6.98E+03 6.62E+14 2.85E+02 4.94E+00   14   0  3.78E-05 6.35E+00 1.10E+00
  94 4.70E+01 6.95E+03 6.64E+14 2.86E+02 4.95E+00   14   0  3.81E-05 6.34E+00 1.10E+00
  95 4.75E+01 6.91E+03 6.65E+14 2.87E+02 4.96E+00   14   0  3.85E-05 6.33E+00 1.10E+00
  96 4.80E+01 6.87E+03 6.67E+14 2.87E+02 4.98E+00   14   0  3.89E-05 6.32E+00 1.10E+00
  97 4.85E+01 6.84E+03 6.69E+14 2.88E+02 4.99E+00   14   0  3.93E-05 6.31E+00 1.10E+00
  98 4.90E+01 6.80E+03 6.71E+14 2.89E+02 5.00E+00   14   0  3.96E-05 6.30E+00 1.10E+00
  99 4.95E+01 6.77E+03 6.72E+14 2.90E+02 5.02E+00   14   0  4.00E-05 6.29E+00 1.10E+00
 100 5.00E+01 6.73E+03 6.74E+14 2.90E+02 5.03E+00   14   0  4.04E-05 6.28E+00 1.10E+00
 ======================================================================================
   (1) Optical depth at 5.5E-01 microns
   (2) Bolometric flux at the inner radius 
   (3) Inner radius for L=1E4 Lsun
   (4) Ratio of the inner to the stellar radius
   (5) Angular size (in arcsec) when Fbol=1E-6 W/m2
   (6) Dust temperature at the outer edge (in K)
   (7) Maximum error in flux conservation (%)
   (8) Mass-loss rate (in Msun/yr)
   (9) Terminal outflow velocity (in km/s)
   (10) Upper limit of the stellar mass (in Msun)
 =================================================
  Everything is OK for all models
  Spectra are in files *.s##
  Run-time messages are in files *.m##
 ========== THE END ==============================
