 ===========================
  Output from program Dusty 
  Version: 2.0
 ===========================
  
  INPUT parameters from file:
  astronomical_3200_1000.inp                                            
  
* ----------------------------------------------------------------------
* NOTES:
* This is a simple version of an input file for calculation in
* planar geometry with single source illumination.
* ----------------------------------------------------------------------
  Stellar spectrum supplied from file:
  spectra_aringer/aringerO_3200_resampled.dat                           
  --------------------------------------------
  Abundances for supported grains:
  Sil-Ow Sil-Oc Sil-DL grf-DL amC-Hn SiC-Pg
  0.000  0.000  0.000  0.000  0.000  0.000
  Abundances for user supplied grains:
     1
  1.000
  User supplied n and k from:
  1) sil-dlee.nk                                                           
  MRN size distribution:
       Power q:  3.5
  Minimal size: 5.00E-03 microns
  Maximal size: 2.50E-01 microns
  --------------------------------------------
  Dust temperature on the inner boundary: 1000 K
  --------------------------------------------
  Density for radiatively driven winds from
  full dynamic calculation.
  Relative thickness: 1.000E+04
  --------------------------------------------
  Optical depths at 5.5E-01 microns
  ranging from 1.00E-01 to 5.00E+01
  100 models with linear grid                
  Required accuracy: 5%
  --------------------------------------------
  
  ====================================================  
  For compliance with the point-source assumption, the
  following results should only be applied to sources 
  whose effective temperature exceeds 2543 K.
  ====================================================
          
  RESULTS:
  --------
 ###   tau0   F1(W/m2)  r1(cm)    r1/rc   theta1  Td(Y) err   Mdot      Ve       M> 
 ###     1        2        3        4        5      6    7      8        9       10 
 ======================================================================================
   1 1.00E-01 1.47E+05 1.44E+14 6.21E+01 1.08E+00   23   0  1.52E-07 8.03E+00 2.31E-01
   2 6.04E-01 1.40E+05 1.48E+14 6.36E+01 1.10E+00   23   0  6.20E-07 1.15E+01 5.02E-01
   3 1.11E+00 1.35E+05 1.51E+14 6.49E+01 1.12E+00   23   0  1.01E-06 1.26E+01 6.30E-01
   4 1.61E+00 1.29E+05 1.54E+14 6.63E+01 1.15E+00   23   0  1.38E-06 1.31E+01 7.17E-01
   5 2.12E+00 1.24E+05 1.57E+14 6.76E+01 1.17E+00   23   0  1.72E-06 1.34E+01 7.75E-01
   6 2.62E+00 1.20E+05 1.59E+14 6.87E+01 1.19E+00   23   0  2.04E-06 1.35E+01 8.19E-01
   7 3.12E+00 1.17E+05 1.62E+14 6.98E+01 1.21E+00   22   0  2.36E-06 1.35E+01 8.53E-01
   8 3.63E+00 1.13E+05 1.64E+14 7.08E+01 1.23E+00   22   0  2.66E-06 1.35E+01 8.80E-01
   9 4.13E+00 1.10E+05 1.66E+14 7.17E+01 1.24E+00   22   0  2.95E-06 1.35E+01 9.01E-01
  10 4.64E+00 1.08E+05 1.69E+14 7.26E+01 1.26E+00   22   0  3.24E-06 1.34E+01 9.19E-01
  11 5.14E+00 1.05E+05 1.71E+14 7.35E+01 1.27E+00   22   0  3.52E-06 1.33E+01 9.34E-01
  12 5.64E+00 1.03E+05 1.72E+14 7.43E+01 1.29E+00   22   0  3.79E-06 1.33E+01 9.47E-01
  13 6.15E+00 1.01E+05 1.74E+14 7.51E+01 1.30E+00   22   0  4.06E-06 1.32E+01 9.57E-01
  14 6.65E+00 9.87E+04 1.76E+14 7.58E+01 1.31E+00   22   0  4.33E-06 1.31E+01 9.66E-01
  15 7.16E+00 9.69E+04 1.78E+14 7.65E+01 1.33E+00   22   0  4.59E-06 1.30E+01 9.73E-01
  16 7.66E+00 9.51E+04 1.79E+14 7.72E+01 1.34E+00   22   0  4.84E-06 1.29E+01 9.79E-01
  17 8.16E+00 9.35E+04 1.81E+14 7.79E+01 1.35E+00   22   0  5.10E-06 1.28E+01 9.85E-01
  18 8.67E+00 9.19E+04 1.82E+14 7.86E+01 1.36E+00   22   0  5.35E-06 1.27E+01 9.89E-01
  19 9.17E+00 9.05E+04 1.84E+14 7.92E+01 1.37E+00   21   0  5.59E-06 1.26E+01 9.92E-01
  20 9.68E+00 8.91E+04 1.85E+14 7.98E+01 1.38E+00   21   0  5.83E-06 1.25E+01 9.95E-01
  21 1.02E+01 8.78E+04 1.87E+14 8.04E+01 1.39E+00   21   0  6.07E-06 1.24E+01 9.97E-01
  22 1.07E+01 8.65E+04 1.88E+14 8.10E+01 1.40E+00   21   0  6.31E-06 1.23E+01 9.99E-01
  23 1.12E+01 8.53E+04 1.89E+14 8.15E+01 1.41E+00   21   0  6.54E-06 1.22E+01 1.00E+00
  24 1.17E+01 8.42E+04 1.91E+14 8.21E+01 1.42E+00   21   0  6.77E-06 1.21E+01 1.00E+00
  25 1.22E+01 8.31E+04 1.92E+14 8.26E+01 1.43E+00   21   0  6.99E-06 1.20E+01 1.00E+00
  26 1.27E+01 8.21E+04 1.93E+14 8.31E+01 1.44E+00   21   0  7.22E-06 1.19E+01 1.00E+00
  27 1.32E+01 8.11E+04 1.94E+14 8.36E+01 1.45E+00   21   0  7.44E-06 1.18E+01 1.00E+00
  28 1.37E+01 8.02E+04 1.95E+14 8.41E+01 1.46E+00   21   0  7.65E-06 1.17E+01 1.00E+00
  29 1.42E+01 7.93E+04 1.96E+14 8.46E+01 1.47E+00   21   0  7.87E-06 1.16E+01 1.00E+00
  30 1.47E+01 7.84E+04 1.97E+14 8.51E+01 1.47E+00   21   0  8.08E-06 1.15E+01 9.99E-01
  31 1.52E+01 7.76E+04 1.99E+14 8.55E+01 1.48E+00   21   0  8.30E-06 1.14E+01 9.98E-01
  32 1.57E+01 7.68E+04 2.00E+14 8.60E+01 1.49E+00   21   0  8.52E-06 1.14E+01 9.98E-01
  33 1.62E+01 7.60E+04 2.01E+14 8.64E+01 1.50E+00   21   0  8.75E-06 1.13E+01 9.98E-01
  34 1.67E+01 7.53E+04 2.02E+14 8.68E+01 1.50E+00   21   0  8.97E-06 1.13E+01 9.98E-01
  35 1.72E+01 7.45E+04 2.03E+14 8.73E+01 1.51E+00   21   0  9.20E-06 1.12E+01 9.98E-01
  36 1.77E+01 7.43E+04 2.03E+14 8.74E+01 1.51E+00   21   0  9.30E-06 1.12E+01 1.00E+00
  37 1.82E+01 7.37E+04 2.04E+14 8.78E+01 1.52E+00   21   0  9.52E-06 1.12E+01 9.99E-01
  38 1.87E+01 7.30E+04 2.05E+14 8.82E+01 1.53E+00   21   0  9.74E-06 1.12E+01 9.99E-01
  39 1.93E+01 7.24E+04 2.06E+14 8.86E+01 1.53E+00   20   0  9.96E-06 1.11E+01 9.99E-01
  40 1.98E+01 7.17E+04 2.06E+14 8.89E+01 1.54E+00   20   0  1.02E-05 1.11E+01 9.98E-01
  41 2.03E+01 7.11E+04 2.07E+14 8.93E+01 1.55E+00   20   0  1.04E-05 1.10E+01 9.97E-01
  42 2.08E+01 7.06E+04 2.08E+14 8.97E+01 1.55E+00   20   0  1.06E-05 1.10E+01 9.97E-01
  43 2.13E+01 7.00E+04 2.09E+14 9.00E+01 1.56E+00   20   0  1.08E-05 1.10E+01 9.96E-01
  44 2.18E+01 6.91E+04 2.10E+14 9.06E+01 1.57E+00   20   0  1.12E-05 1.09E+01 9.93E-01
  45 2.23E+01 6.86E+04 2.11E+14 9.10E+01 1.58E+00   20   0  1.14E-05 1.09E+01 9.92E-01
  46 2.28E+01 6.81E+04 2.12E+14 9.13E+01 1.58E+00   20   0  1.16E-05 1.09E+01 9.91E-01
  47 2.33E+01 6.76E+04 2.13E+14 9.16E+01 1.59E+00   20   0  1.18E-05 1.08E+01 9.90E-01
  48 2.38E+01 6.71E+04 2.13E+14 9.20E+01 1.59E+00   20   0  1.20E-05 1.08E+01 9.89E-01
  49 2.43E+01 6.66E+04 2.14E+14 9.23E+01 1.60E+00   20   0  1.22E-05 1.08E+01 9.88E-01
  50 2.48E+01 6.62E+04 2.15E+14 9.26E+01 1.60E+00   20   0  1.24E-05 1.07E+01 9.87E-01
  51 2.53E+01 6.57E+04 2.16E+14 9.29E+01 1.61E+00   20   0  1.27E-05 1.07E+01 9.86E-01
  52 2.58E+01 6.53E+04 2.16E+14 9.32E+01 1.61E+00   20   0  1.29E-05 1.07E+01 9.85E-01
  53 2.63E+01 6.49E+04 2.17E+14 9.35E+01 1.62E+00   20   0  1.31E-05 1.06E+01 9.84E-01
  54 2.68E+01 6.44E+04 2.18E+14 9.38E+01 1.63E+00   20   0  1.33E-05 1.06E+01 9.83E-01
  55 2.73E+01 6.40E+04 2.19E+14 9.41E+01 1.63E+00   20   0  1.35E-05 1.06E+01 9.82E-01
  56 2.78E+01 6.36E+04 2.19E+14 9.44E+01 1.64E+00   20   0  1.37E-05 1.05E+01 9.81E-01
  57 2.83E+01 6.33E+04 2.20E+14 9.47E+01 1.64E+00   20   0  1.39E-05 1.05E+01 9.80E-01
  58 2.88E+01 6.29E+04 2.21E+14 9.50E+01 1.65E+00   20   0  1.41E-05 1.05E+01 9.79E-01
  59 2.93E+01 6.25E+04 2.21E+14 9.53E+01 1.65E+00   20   0  1.43E-05 1.05E+01 9.77E-01
  60 2.98E+01 6.21E+04 2.22E+14 9.56E+01 1.66E+00   20   0  1.46E-05 1.04E+01 9.76E-01
  61 3.03E+01 6.18E+04 2.22E+14 9.58E+01 1.66E+00   20   0  1.48E-05 1.04E+01 9.75E-01
  62 3.08E+01 6.14E+04 2.23E+14 9.61E+01 1.66E+00   20   0  1.50E-05 1.04E+01 9.74E-01
  63 3.14E+01 6.11E+04 2.24E+14 9.64E+01 1.67E+00   20   0  1.52E-05 1.04E+01 9.73E-01
  64 3.19E+01 6.08E+04 2.24E+14 9.66E+01 1.67E+00   20   0  1.54E-05 1.03E+01 9.72E-01
  65 3.24E+01 6.04E+04 2.25E+14 9.69E+01 1.68E+00   20   0  1.56E-05 1.03E+01 9.70E-01
  66 3.29E+01 6.01E+04 2.26E+14 9.72E+01 1.68E+00   20   0  1.58E-05 1.03E+01 9.69E-01
  67 3.34E+01 5.98E+04 2.26E+14 9.74E+01 1.69E+00   20   0  1.60E-05 1.03E+01 9.68E-01
  68 3.39E+01 5.95E+04 2.27E+14 9.77E+01 1.69E+00   20   0  1.62E-05 1.03E+01 9.67E-01
  69 3.44E+01 5.92E+04 2.27E+14 9.79E+01 1.70E+00   20   0  1.64E-05 1.02E+01 9.66E-01
  70 3.49E+01 5.89E+04 2.28E+14 9.82E+01 1.70E+00   20   0  1.66E-05 1.02E+01 9.65E-01
  71 3.54E+01 5.86E+04 2.28E+14 9.84E+01 1.70E+00   19   0  1.68E-05 1.02E+01 9.63E-01
  72 3.59E+01 5.87E+04 2.28E+14 9.83E+01 1.70E+00   19   0  1.68E-05 1.02E+01 9.64E-01
  73 3.64E+01 5.84E+04 2.29E+14 9.85E+01 1.71E+00   19   0  1.70E-05 1.02E+01 9.62E-01
  74 3.69E+01 5.82E+04 2.29E+14 9.88E+01 1.71E+00   19   0  1.72E-05 1.02E+01 9.61E-01
  75 3.74E+01 5.79E+04 2.30E+14 9.90E+01 1.71E+00   19   0  1.74E-05 1.02E+01 9.60E-01
  76 3.79E+01 5.76E+04 2.30E+14 9.93E+01 1.72E+00   19   0  1.76E-05 1.02E+01 9.59E-01
  77 3.84E+01 5.73E+04 2.31E+14 9.95E+01 1.72E+00   19   0  1.78E-05 1.01E+01 9.58E-01
  78 3.89E+01 5.71E+04 2.31E+14 9.97E+01 1.73E+00   19   0  1.80E-05 1.01E+01 9.56E-01
  79 3.94E+01 5.68E+04 2.32E+14 9.99E+01 1.73E+00   19   0  1.82E-05 1.01E+01 9.55E-01
  80 3.99E+01 5.66E+04 2.33E+14 1.00E+02 1.73E+00   19   0  1.84E-05 1.01E+01 9.54E-01
  81 4.04E+01 5.63E+04 2.33E+14 1.00E+02 1.74E+00   19   0  1.86E-05 1.01E+01 9.53E-01
  82 4.09E+01 5.61E+04 2.34E+14 1.01E+02 1.74E+00   19   0  1.88E-05 1.00E+01 9.52E-01
  83 4.14E+01 5.58E+04 2.34E+14 1.01E+02 1.75E+00   19   0  1.90E-05 1.00E+01 9.51E-01
  84 4.19E+01 5.56E+04 2.35E+14 1.01E+02 1.75E+00   19   0  1.92E-05 1.00E+01 9.49E-01
  85 4.24E+01 5.54E+04 2.35E+14 1.01E+02 1.75E+00   19   0  1.94E-05 1.00E+01 9.48E-01
  86 4.29E+01 5.51E+04 2.36E+14 1.01E+02 1.76E+00   19   0  1.96E-05 9.98E+00 9.47E-01
  87 4.34E+01 5.49E+04 2.36E+14 1.02E+02 1.76E+00   19   0  1.98E-05 9.96E+00 9.46E-01
  88 4.40E+01 5.47E+04 2.37E+14 1.02E+02 1.76E+00   19   0  2.00E-05 9.95E+00 9.45E-01
  89 4.45E+01 5.44E+04 2.37E+14 1.02E+02 1.77E+00   19   0  2.02E-05 9.93E+00 9.44E-01
  90 4.50E+01 5.42E+04 2.37E+14 1.02E+02 1.77E+00   19   0  2.04E-05 9.92E+00 9.43E-01
  91 4.55E+01 5.40E+04 2.38E+14 1.03E+02 1.78E+00   19   0  2.06E-05 9.90E+00 9.42E-01
  92 4.60E+01 5.38E+04 2.38E+14 1.03E+02 1.78E+00   19   0  2.08E-05 9.89E+00 9.40E-01
  93 4.65E+01 5.36E+04 2.39E+14 1.03E+02 1.78E+00   19   0  2.10E-05 9.87E+00 9.39E-01
  94 4.70E+01 5.34E+04 2.39E+14 1.03E+02 1.79E+00   19   0  2.11E-05 9.86E+00 9.38E-01
  95 4.75E+01 5.32E+04 2.40E+14 1.03E+02 1.79E+00   19   0  2.13E-05 9.84E+00 9.37E-01
  96 4.80E+01 5.30E+04 2.40E+14 1.04E+02 1.79E+00   19   0  2.15E-05 9.83E+00 9.36E-01
  97 4.85E+01 5.28E+04 2.41E+14 1.04E+02 1.80E+00   19   0  2.17E-05 9.81E+00 9.35E-01
  98 4.90E+01 5.26E+04 2.41E+14 1.04E+02 1.80E+00   19   0  2.19E-05 9.80E+00 9.34E-01
  99 4.95E+01 5.24E+04 2.42E+14 1.04E+02 1.80E+00   19   0  2.21E-05 9.79E+00 9.33E-01
 100 5.00E+01 5.22E+04 2.42E+14 1.04E+02 1.81E+00   19   0  2.23E-05 9.77E+00 9.32E-01
 ======================================================================================
   (1) Optical depth at 5.5E-01 microns
   (2) Bolometric flux at the inner radius 
   (3) Inner radius for L=1E4 Lsun
   (4) Ratio of the inner to the stellar radius
   (5) Angular size (in arcsec) when Fbol=1E-6 W/m2
   (6) Dust temperature at the outer edge (in K)
   (7) Maximum error in flux conservation (%)
   (8) Mass-loss rate (in Msun/yr)
   (9) Terminal outflow velocity (in km/s)
   (10) Upper limit of the stellar mass (in Msun)
 =================================================
  Everything is OK for all models
  Spectra are in files *.s##
  Run-time messages are in files *.m##
 ========== THE END ==============================
